[2017-05-09 13:47:42] local.ERROR: PDOException: SQLSTATE[HY000] [1045] Access denied for user 'homestead'@'localhost' (using password: YES) in /home/imma/Desktop/GIPTaak8/Poging2/vendor/laravel/framework/src/Illuminate/Database/Connectors/Connector.php:68
Stack trace:
#0 /home/imma/Desktop/GIPTaak8/Poging2/vendor/laravel/framework/src/Illuminate/Database/Connectors/Connector.php(68): PDO->__construct('mysql:host=127....', 'homestead', 'secret', Array)
#1 /home/imma/Desktop/GIPTaak8/Poging2/vendor/laravel/framework/src/Illuminate/Database/Connectors/Connector.php(43): Illuminate\Database\Connectors\Connector->createPdoConnection('mysql:host=127....', 'homestead', 'secret', Array)
#2 /home/imma/Desktop/GIPTaak8/Poging2/vendor/laravel/framework/src/Illuminate/Database/Connectors/MySqlConnector.php(24): Illuminate\Database\Connectors\Connector->createConnection('mysql:host=127....', Array, Array)
#3 /home/imma/Desktop/GIPTaak8/Poging2/vendor/laravel/framework/src/Illuminate/Database/Connectors/ConnectionFactory.php(183): Illuminate\Database\Connectors\MySqlConnector->connect(Array)
#4 [internal function]: Illuminate\Database\Connectors\ConnectionFactory->Illuminate\Database\Connectors\{closure}()
#5 /home/imma/Desktop/GIPTaak8/Poging2/vendor/laravel/framework/src/Illuminate/Database/Connection.php(882): call_user_func(Object(Closure))
#6 /home/imma/Desktop/GIPTaak8/Poging2/vendor/laravel/framework/src/Illuminate/Database/Connection.php(392): Illuminate\Database\Connection->getPdo()
#7 /home/imma/Desktop/GIPTaak8/Poging2/vendor/laravel/framework/src/Illuminate/Database/Connection.php(318): Illuminate\Database\Connection->getPdoForSelect(false)
#8 /home/imma/Desktop/GIPTaak8/Poging2/vendor/laravel/framework/src/Illuminate/Database/Connection.php(640): Illuminate\Database\Connection->Illuminate\Database\{closure}('select count(*)...', Array)
#9 /home/imma/Desktop/GIPTaak8/Poging2/vendor/laravel/framework/src/Illuminate/Database/Connection.php(607): Illuminate\Database\Connection->runQueryCallback('select count(*)...', Array, Object(Closure))
#10 /home/imma/Desktop/GIPTaak8/Poging2/vendor/laravel/framework/src/Illuminate/Database/Connection.php(326): Illuminate\Database\Connection->run('select count(*)...', Array, Object(Closure))
#11 /home/imma/Desktop/GIPTaak8/Poging2/vendor/laravel/framework/src/Illuminate/Database/Query/Builder.php(1711): Illuminate\Database\Connection->select('select count(*)...', Array, false)
#12 /home/imma/Desktop/GIPTaak8/Poging2/vendor/laravel/framework/src/Illuminate/Database/Query/Builder.php(1696): Illuminate\Database\Query\Builder->runSelect()
#13 /home/imma/Desktop/GIPTaak8/Poging2/vendor/laravel/framework/src/Illuminate/Database/Query/Builder.php(2031): Illuminate\Database\Query\Builder->get(Array)
#14 /home/imma/Desktop/GIPTaak8/Poging2/vendor/laravel/framework/src/Illuminate/Database/Query/Builder.php(1959): Illuminate\Database\Query\Builder->aggregate('count', Array)
#15 /home/imma/Desktop/GIPTaak8/Poging2/vendor/laravel/framework/src/Illuminate/Validation/DatabasePresenceVerifier.php(55): Illuminate\Database\Query\Builder->count()
#16 /home/imma/Desktop/GIPTaak8/Poging2/vendor/laravel/framework/src/Illuminate/Validation/Concerns/ValidatesAttributes.php(612): Illuminate\Validation\DatabasePresenceVerifier->getCount('users', 'email', 'kathleen.puvrez...', NULL, NULL, Array)
#17 /home/imma/Desktop/GIPTaak8/Poging2/vendor/laravel/framework/src/Illuminate/Validation/Validator.php(338): Illuminate\Validation\Validator->validateUnique('email', 'kathleen.puvrez...', Array, Object(Illuminate\Validation\Validator))
#18 /home/imma/Desktop/GIPTaak8/Poging2/vendor/laravel/framework/src/Illuminate/Validation/Validator.php(253): Illuminate\Validation\Validator->validateAttribute('email', 'Unique')
#19 /home/imma/Desktop/GIPTaak8/Poging2/vendor/laravel/framework/src/Illuminate/Validation/Validator.php(278): Illuminate\Validation\Validator->passes()
#20 /home/imma/Desktop/GIPTaak8/Poging2/vendor/laravel/framework/src/Illuminate/Validation/Validator.php(290): Illuminate\Validation\Validator->fails()
#21 /home/imma/Desktop/GIPTaak8/Poging2/vendor/laravel/framework/src/Illuminate/Foundation/Auth/RegistersUsers.php(31): Illuminate\Validation\Validator->validate()
#22 [internal function]: App\Http\Controllers\Auth\RegisterController->register(Object(Illuminate\Http\Request))
#23 /home/imma/Desktop/GIPTaak8/Poging2/vendor/laravel/framework/src/Illuminate/Routing/Controller.php(55): call_user_func_array(Array, Array)
#24 /home/imma/Desktop/GIPTaak8/Poging2/vendor/laravel/framework/src/Illuminate/Routing/ControllerDispatcher.php(44): Illuminate\Routing\Controller->callAction('register', Array)
#25 /home/imma/Desktop/GIPTaak8/Poging2/vendor/laravel/framework/src/Illuminate/Routing/Route.php(203): Illuminate\Routing\ControllerDispatcher->dispatch(Object(Illuminate\Routing\Route), Object(App\Http\Controllers\Auth\RegisterController), 'register')
#26 /home/imma/Desktop/GIPTaak8/Poging2/vendor/laravel/framework/src/Illuminate/Routing/Route.php(160): Illuminate\Routing\Route->runController()
#27 /home/imma/Desktop/GIPTaak8/Poging2/vendor/laravel/framework/src/Illuminate/Routing/Router.php(559): Illuminate\Routing\Route->run()
#28 /home/imma/Desktop/GIPTaak8/Poging2/vendor/laravel/framework/src/Illuminate/Routing/Pipeline.php(30): Illuminate\Routing\Router->Illuminate\Routing\{closure}(Object(Illuminate\Http\Request))
#29 /home/imma/Desktop/GIPTaak8/Poging2/app/Http/Middleware/RedirectIfAuthenticated.php(24): Illuminate\Routing\Pipeline->Illuminate\Routing\{closure}(Object(Illuminate\Http\Request))
#30 /home/imma/Desktop/GIPTaak8/Poging2/vendor/laravel/framework/src/Illuminate/Pipeline/Pipeline.php(148): App\Http\Middleware\RedirectIfAuthenticated->handle(Object(Illuminate\Http\Request), Object(Closure))
#31 /home/imma/Desktop/GIPTaak8/Poging2/vendor/laravel/framework/src/Illuminate/Routing/Pipeline.php(53): Illuminate\Pipeline\Pipeline->Illuminate\Pipeline\{closure}(Object(Illuminate\Http\Request))
#32 /home/imma/Desktop/GIPTaak8/Poging2/vendor/laravel/framework/src/Illuminate/Routing/Middleware/SubstituteBindings.php(41): Illuminate\Routing\Pipeline->Illuminate\Routing\{closure}(Object(Illuminate\Http\Request))
#33 /home/imma/Desktop/GIPTaak8/Poging2/vendor/laravel/framework/src/Illuminate/Pipeline/Pipeline.php(148): Illuminate\Routing\Middleware\SubstituteBindings->handle(Object(Illuminate\Http\Request), Object(Closure))
#34 /home/imma/Desktop/GIPTaak8/Poging2/vendor/laravel/framework/src/Illuminate/Routing/Pipeline.php(53): Illuminate\Pipeline\Pipeline->Illuminate\Pipeline\{closure}(Object(Illuminate\Http\Request))
#35 /home/imma/Desktop/GIPTaak8/Poging2/vendor/laravel/framework/src/Illuminate/Foundation/Http/Middleware/VerifyCsrfToken.php(65): Illuminate\Routing\Pipeline->Illuminate\Routing\{closure}(Object(Illuminate\Http\Request))
#36 /home/imma/Desktop/GIPTaak8/Poging2/vendor/laravel/framework/src/Illuminate/Pipeline/Pipeline.php(148): Illuminate\Foundation\Http\Middleware\VerifyCsrfToken->handle(Object(Illuminate\Http\Request), Object(Closure))
#37 /home/imma/Desktop/GIPTaak8/Poging2/vendor/laravel/framework/src/Illuminate/Routing/Pipeline.php(53): Illuminate\Pipeline\Pipeline->Illuminate\Pipeline\{closure}(Object(Illuminate\Http\Request))
#38 /home/imma/Desktop/GIPTaak8/Poging2/vendor/laravel/framework/src/Illuminate/View/Middleware/ShareErrorsFromSession.php(49): Illuminate\Routing\Pipeline->Illuminate\Routing\{closure}(Object(Illuminate\Http\Request))
#39 /home/imma/Desktop/GIPTaak8/Poging2/vendor/laravel/framework/src/Illuminate/Pipeline/Pipeline.php(148): Illuminate\View\Middleware\ShareErrorsFromSession->handle(Object(Illuminate\Http\Request), Object(Closure))
#40 /home/imma/Desktop/GIPTaak8/Poging2/vendor/laravel/framework/src/Illuminate/Routing/Pipeline.php(53): Illuminate\Pipeline\Pipeline->Illuminate\Pipeline\{closure}(Object(Illuminate\Http\Request))
#41 /home/imma/Desktop/GIPTaak8/Poging2/vendor/laravel/framework/src/Illuminate/Session/Middleware/StartSession.php(64): Illuminate\Routing\Pipeline->Illuminate\Routing\{closure}(Object(Illuminate\Http\Request))
#42 /home/imma/Desktop/GIPTaak8/Poging2/vendor/laravel/framework/src/Illuminate/Pipeline/Pipeline.php(148): Illuminate\Session\Middleware\StartSession->handle(Object(Illuminate\Http\Request), Object(Closure))
#43 /home/imma/Desktop/GIPTaak8/Poging2/vendor/laravel/framework/src/Illuminate/Routing/Pipeline.php(53): Illuminate\Pipeline\Pipeline->Illuminate\Pipeline\{closure}(Object(Illuminate\Http\Request))
#44 /home/imma/Desktop/GIPTaak8/Poging2/vendor/laravel/framework/src/Illuminate/Cookie/Middleware/AddQueuedCookiesToResponse.php(37): Illuminate\Routing\Pipeline->Illuminate\Routing\{closure}(Object(Illuminate\Http\Request))
#45 /home/imma/Desktop/GIPTaak8/Poging2/vendor/laravel/framework/src/Illuminate/Pipeline/Pipeline.php(148): Illuminate\Cookie\Middleware\AddQueuedCookiesToResponse->handle(Object(Illuminate\Http\Request), Object(Closure))
#46 /home/imma/Desktop/GIPTaak8/Poging2/vendor/laravel/framework/src/Illuminate/Routing/Pipeline.php(53): Illuminate\Pipeline\Pipeline->Illuminate\Pipeline\{closure}(Object(Illuminate\Http\Request))
#47 /home/imma/Desktop/GIPTaak8/Poging2/vendor/laravel/framework/src/Illuminate/Cookie/Middleware/EncryptCookies.php(59): Illuminate\Routing\Pipeline->Illuminate\Routing\{closure}(Object(Illuminate\Http\Request))
#48 /home/imma/Desktop/GIPTaak8/Poging2/vendor/laravel/framework/src/Illuminate/Pipeline/Pipeline.php(148): Illuminate\Cookie\Middleware\EncryptCookies->handle(Object(Illuminate\Http\Request), Object(Closure))
#49 /home/imma/Desktop/GIPTaak8/Poging2/vendor/laravel/framework/src/Illuminate/Routing/Pipeline.php(53): Illuminate\Pipeline\Pipeline->Illuminate\Pipeline\{closure}(Object(Illuminate\Http\Request))
#50 /home/imma/Desktop/GIPTaak8/Poging2/vendor/laravel/framework/src/Illuminate/Pipeline/Pipeline.php(102): Illuminate\Routing\Pipeline->Illuminate\Routing\{closure}(Object(Illuminate\Http\Request))
#51 /home/imma/Desktop/GIPTaak8/Poging2/vendor/laravel/framework/src/Illuminate/Routing/Router.php(561): Illuminate\Pipeline\Pipeline->then(Object(Closure))
#52 /home/imma/Desktop/GIPTaak8/Poging2/vendor/laravel/framework/src/Illuminate/Routing/Router.php(520): Illuminate\Routing\Router->runRouteWithinStack(Object(Illuminate\Routing\Route), Object(Illuminate\Http\Request))
#53 /home/imma/Desktop/GIPTaak8/Poging2/vendor/laravel/framework/src/Illuminate/Routing/Router.php(498): Illuminate\Routing\Router->dispatchToRoute(Object(Illuminate\Http\Request))
#54 /home/imma/Desktop/GIPTaak8/Poging2/vendor/laravel/framework/src/Illuminate/Foundation/Http/Kernel.php(174): Illuminate\Routing\Router->dispatch(Object(Illuminate\Http\Request))
#55 /home/imma/Desktop/GIPTaak8/Poging2/vendor/laravel/framework/src/Illuminate/Routing/Pipeline.php(30): Illuminate\Foundation\Http\Kernel->Illuminate\Foundation\Http\{closure}(Object(Illuminate\Http\Request))
#56 /home/imma/Desktop/GIPTaak8/Poging2/vendor/laravel/framework/src/Illuminate/Foundation/Http/Middleware/TransformsRequest.php(30): Illuminate\Routing\Pipeline->Illuminate\Routing\{closure}(Object(Illuminate\Http\Request))
#57 /home/imma/Desktop/GIPTaak8/Poging2/vendor/laravel/framework/src/Illuminate/Pipeline/Pipeline.php(148): Illuminate\Foundation\Http\Middleware\TransformsRequest->handle(Object(Illuminate\Http\Request), Object(Closure))
#58 /home/imma/Desktop/GIPTaak8/Poging2/vendor/laravel/framework/src/Illuminate/Routing/Pipeline.php(53): Illuminate\Pipeline\Pipeline->Illuminate\Pipeline\{closure}(Object(Illuminate\Http\Request))
#59 /home/imma/Desktop/GIPTaak8/Poging2/vendor/laravel/framework/src/Illuminate/Foundation/Http/Middleware/TransformsRequest.php(30): Illuminate\Routing\Pipeline->Illuminate\Routing\{closure}(Object(Illuminate\Http\Request))
#60 /home/imma/Desktop/GIPTaak8/Poging2/vendor/laravel/framework/src/Illuminate/Pipeline/Pipeline.php(148): Illuminate\Foundation\Http\Middleware\TransformsRequest->handle(Object(Illuminate\Http\Request), Object(Closure))
#61 /home/imma/Desktop/GIPTaak8/Poging2/vendor/laravel/framework/src/Illuminate/Routing/Pipeline.php(53): Illuminate\Pipeline\Pipeline->Illuminate\Pipeline\{closure}(Object(Illuminate\Http\Request))
#62 /home/imma/Desktop/GIPTaak8/Poging2/vendor/laravel/framework/src/Illuminate/Foundation/Http/Middleware/ValidatePostSize.php(27): Illuminate\Routing\Pipeline->Illuminate\Routing\{closure}(Object(Illuminate\Http\Request))
#63 /home/imma/Desktop/GIPTaak8/Poging2/vendor/laravel/framework/src/Illuminate/Pipeline/Pipeline.php(148): Illuminate\Foundation\Http\Middleware\ValidatePostSize->handle(Object(Illuminate\Http\Request), Object(Closure))
#64 /home/imma/Desktop/GIPTaak8/Poging2/vendor/laravel/framework/src/Illuminate/Routing/Pipeline.php(53): Illuminate\Pipeline\Pipeline->Illuminate\Pipeline\{closure}(Object(Illuminate\Http\Request))
#65 /home/imma/Desktop/GIPTaak8/Poging2/vendor/laravel/framework/src/Illuminate/Foundation/Http/Middleware/CheckForMaintenanceMode.php(46): Illuminate\Routing\Pipeline->Illuminate\Routing\{closure}(Object(Illuminate\Http\Request))
#66 /home/imma/Desktop/GIPTaak8/Poging2/vendor/laravel/framework/src/Illuminate/Pipeline/Pipeline.php(148): Illuminate\Foundation\Http\Middleware\CheckForMaintenanceMode->handle(Object(Illuminate\Http\Request), Object(Closure))
#67 /home/imma/Desktop/GIPTaak8/Poging2/vendor/laravel/framework/src/Illuminate/Routing/Pipeline.php(53): Illuminate\Pipeline\Pipeline->Illuminate\Pipeline\{closure}(Object(Illuminate\Http\Request))
#68 /home/imma/Desktop/GIPTaak8/Poging2/vendor/laravel/framework/src/Illuminate/Pipeline/Pipeline.php(102): Illuminate\Routing\Pipeline->Illuminate\Routing\{closure}(Object(Illuminate\Http\Request))
#69 /home/imma/Desktop/GIPTaak8/Poging2/vendor/laravel/framework/src/Illuminate/Foundation/Http/Kernel.php(149): Illuminate\Pipeline\Pipeline->then(Object(Closure))
#70 /home/imma/Desktop/GIPTaak8/Poging2/vendor/laravel/framework/src/Illuminate/Foundation/Http/Kernel.php(116): Illuminate\Foundation\Http\Kernel->sendRequestThroughRouter(Object(Illuminate\Http\Request))
#71 /home/imma/Desktop/GIPTaak8/Poging2/public/index.php(53): Illuminate\Foundation\Http\Kernel->handle(Object(Illuminate\Http\Request))
#72 /home/imma/Desktop/GIPTaak8/Poging2/server.php(21): require_once('/home/imma/Desk...')
#73 {main}  
[2017-05-09 13:47:42] local.ERROR: PDOException: SQLSTATE[HY000] [1045] Access denied for user 'homestead'@'localhost' (using password: YES) in /home/imma/Desktop/GIPTaak8/Poging2/vendor/laravel/framework/src/Illuminate/Database/Connectors/Connector.php:68
Stack trace:
#0 /home/imma/Desktop/GIPTaak8/Poging2/vendor/laravel/framework/src/Illuminate/Database/Connectors/Connector.php(68): PDO->__construct('mysql:host=127....', 'homestead', 'secret', Array)
#1 /home/imma/Desktop/GIPTaak8/Poging2/vendor/laravel/framework/src/Illuminate/Database/Connectors/Connector.php(43): Illuminate\Database\Connectors\Connector->createPdoConnection('mysql:host=127....', 'homestead', 'secret', Array)
#2 /home/imma/Desktop/GIPTaak8/Poging2/vendor/laravel/framework/src/Illuminate/Database/Connectors/MySqlConnector.php(24): Illuminate\Database\Connectors\Connector->createConnection('mysql:host=127....', Array, Array)
#3 /home/imma/Desktop/GIPTaak8/Poging2/vendor/laravel/framework/src/Illuminate/Database/Connectors/ConnectionFactory.php(183): Illuminate\Database\Connectors\MySqlConnector->connect(Array)
#4 [internal function]: Illuminate\Database\Connectors\ConnectionFactory->Illuminate\Database\Connectors\{closure}()
#5 /home/imma/Desktop/GIPTaak8/Poging2/vendor/laravel/framework/src/Illuminate/Database/Connection.php(882): call_user_func(Object(Closure))
#6 /home/imma/Desktop/GIPTaak8/Poging2/vendor/laravel/framework/src/Illuminate/Database/Connection.php(392): Illuminate\Database\Connection->getPdo()
#7 /home/imma/Desktop/GIPTaak8/Poging2/vendor/laravel/framework/src/Illuminate/Database/Connection.php(318): Illuminate\Database\Connection->getPdoForSelect(false)
#8 /home/imma/Desktop/GIPTaak8/Poging2/vendor/laravel/framework/src/Illuminate/Database/Connection.php(640): Illuminate\Database\Connection->Illuminate\Database\{closure}('select count(*)...', Array)
#9 /home/imma/Desktop/GIPTaak8/Poging2/vendor/laravel/framework/src/Illuminate/Database/Connection.php(607): Illuminate\Database\Connection->runQueryCallback('select count(*)...', Array, Object(Closure))
#10 /home/imma/Desktop/GIPTaak8/Poging2/vendor/laravel/framework/src/Illuminate/Database/Connection.php(326): Illuminate\Database\Connection->run('select count(*)...', Array, Object(Closure))
#11 /home/imma/Desktop/GIPTaak8/Poging2/vendor/laravel/framework/src/Illuminate/Database/Query/Builder.php(1711): Illuminate\Database\Connection->select('select count(*)...', Array, false)
#12 /home/imma/Desktop/GIPTaak8/Poging2/vendor/laravel/framework/src/Illuminate/Database/Query/Builder.php(1696): Illuminate\Database\Query\Builder->runSelect()
#13 /home/imma/Desktop/GIPTaak8/Poging2/vendor/laravel/framework/src/Illuminate/Database/Query/Builder.php(2031): Illuminate\Database\Query\Builder->get(Array)
#14 /home/imma/Desktop/GIPTaak8/Poging2/vendor/laravel/framework/src/Illuminate/Database/Query/Builder.php(1959): Illuminate\Database\Query\Builder->aggregate('count', Array)
#15 /home/imma/Desktop/GIPTaak8/Poging2/vendor/laravel/framework/src/Illuminate/Validation/DatabasePresenceVerifier.php(55): Illuminate\Database\Query\Builder->count()
#16 /home/imma/Desktop/GIPTaak8/Poging2/vendor/laravel/framework/src/Illuminate/Validation/Concerns/ValidatesAttributes.php(612): Illuminate\Validation\DatabasePresenceVerifier->getCount('users', 'email', 'kathleen.puvrez...', NULL, NULL, Array)
#17 /home/imma/Desktop/GIPTaak8/Poging2/vendor/laravel/framework/src/Illuminate/Validation/Validator.php(338): Illuminate\Validation\Validator->validateUnique('email', 'kathleen.puvrez...', Array, Object(Illuminate\Validation\Validator))
#18 /home/imma/Desktop/GIPTaak8/Poging2/vendor/laravel/framework/src/Illuminate/Validation/Validator.php(253): Illuminate\Validation\Validator->validateAttribute('email', 'Unique')
#19 /home/imma/Desktop/GIPTaak8/Poging2/vendor/laravel/framework/src/Illuminate/Validation/Validator.php(278): Illuminate\Validation\Validator->passes()
#20 /home/imma/Desktop/GIPTaak8/Poging2/vendor/laravel/framework/src/Illuminate/Validation/Validator.php(290): Illuminate\Validation\Validator->fails()
#21 /home/imma/Desktop/GIPTaak8/Poging2/vendor/laravel/framework/src/Illuminate/Foundation/Auth/RegistersUsers.php(31): Illuminate\Validation\Validator->validate()
#22 [internal function]: App\Http\Controllers\Auth\RegisterController->register(Object(Illuminate\Http\Request))
#23 /home/imma/Desktop/GIPTaak8/Poging2/vendor/laravel/framework/src/Illuminate/Routing/Controller.php(55): call_user_func_array(Array, Array)
#24 /home/imma/Desktop/GIPTaak8/Poging2/vendor/laravel/framework/src/Illuminate/Routing/ControllerDispatcher.php(44): Illuminate\Routing\Controller->callAction('register', Array)
#25 /home/imma/Desktop/GIPTaak8/Poging2/vendor/laravel/framework/src/Illuminate/Routing/Route.php(203): Illuminate\Routing\ControllerDispatcher->dispatch(Object(Illuminate\Routing\Route), Object(App\Http\Controllers\Auth\RegisterController), 'register')
#26 /home/imma/Desktop/GIPTaak8/Poging2/vendor/laravel/framework/src/Illuminate/Routing/Route.php(160): Illuminate\Routing\Route->runController()
#27 /home/imma/Desktop/GIPTaak8/Poging2/vendor/laravel/framework/src/Illuminate/Routing/Router.php(559): Illuminate\Routing\Route->run()
#28 /home/imma/Desktop/GIPTaak8/Poging2/vendor/laravel/framework/src/Illuminate/Routing/Pipeline.php(30): Illuminate\Routing\Router->Illuminate\Routing\{closure}(Object(Illuminate\Http\Request))
#29 /home/imma/Desktop/GIPTaak8/Poging2/app/Http/Middleware/RedirectIfAuthenticated.php(24): Illuminate\Routing\Pipeline->Illuminate\Routing\{closure}(Object(Illuminate\Http\Request))
#30 /home/imma/Desktop/GIPTaak8/Poging2/vendor/laravel/framework/src/Illuminate/Pipeline/Pipeline.php(148): App\Http\Middleware\RedirectIfAuthenticated->handle(Object(Illuminate\Http\Request), Object(Closure))
#31 /home/imma/Desktop/GIPTaak8/Poging2/vendor/laravel/framework/src/Illuminate/Routing/Pipeline.php(53): Illuminate\Pipeline\Pipeline->Illuminate\Pipeline\{closure}(Object(Illuminate\Http\Request))
#32 /home/imma/Desktop/GIPTaak8/Poging2/vendor/laravel/framework/src/Illuminate/Routing/Middleware/SubstituteBindings.php(41): Illuminate\Routing\Pipeline->Illuminate\Routing\{closure}(Object(Illuminate\Http\Request))
#33 /home/imma/Desktop/GIPTaak8/Poging2/vendor/laravel/framework/src/Illuminate/Pipeline/Pipeline.php(148): Illuminate\Routing\Middleware\SubstituteBindings->handle(Object(Illuminate\Http\Request), Object(Closure))
#34 /home/imma/Desktop/GIPTaak8/Poging2/vendor/laravel/framework/src/Illuminate/Routing/Pipeline.php(53): Illuminate\Pipeline\Pipeline->Illuminate\Pipeline\{closure}(Object(Illuminate\Http\Request))
#35 /home/imma/Desktop/GIPTaak8/Poging2/vendor/laravel/framework/src/Illuminate/Foundation/Http/Middleware/VerifyCsrfToken.php(65): Illuminate\Routing\Pipeline->Illuminate\Routing\{closure}(Object(Illuminate\Http\Request))
#36 /home/imma/Desktop/GIPTaak8/Poging2/vendor/laravel/framework/src/Illuminate/Pipeline/Pipeline.php(148): Illuminate\Foundation\Http\Middleware\VerifyCsrfToken->handle(Object(Illuminate\Http\Request), Object(Closure))
#37 /home/imma/Desktop/GIPTaak8/Poging2/vendor/laravel/framework/src/Illuminate/Routing/Pipeline.php(53): Illuminate\Pipeline\Pipeline->Illuminate\Pipeline\{closure}(Object(Illuminate\Http\Request))
#38 /home/imma/Desktop/GIPTaak8/Poging2/vendor/laravel/framework/src/Illuminate/View/Middleware/ShareErrorsFromSession.php(49): Illuminate\Routing\Pipeline->Illuminate\Routing\{closure}(Object(Illuminate\Http\Request))
#39 /home/imma/Desktop/GIPTaak8/Poging2/vendor/laravel/framework/src/Illuminate/Pipeline/Pipeline.php(148): Illuminate\View\Middleware\ShareErrorsFromSession->handle(Object(Illuminate\Http\Request), Object(Closure))
#40 /home/imma/Desktop/GIPTaak8/Poging2/vendor/laravel/framework/src/Illuminate/Routing/Pipeline.php(53): Illuminate\Pipeline\Pipeline->Illuminate\Pipeline\{closure}(Object(Illuminate\Http\Request))
#41 /home/imma/Desktop/GIPTaak8/Poging2/vendor/laravel/framework/src/Illuminate/Session/Middleware/StartSession.php(64): Illuminate\Routing\Pipeline->Illuminate\Routing\{closure}(Object(Illuminate\Http\Request))
#42 /home/imma/Desktop/GIPTaak8/Poging2/vendor/laravel/framework/src/Illuminate/Pipeline/Pipeline.php(148): Illuminate\Session\Middleware\StartSession->handle(Object(Illuminate\Http\Request), Object(Closure))
#43 /home/imma/Desktop/GIPTaak8/Poging2/vendor/laravel/framework/src/Illuminate/Routing/Pipeline.php(53): Illuminate\Pipeline\Pipeline->Illuminate\Pipeline\{closure}(Object(Illuminate\Http\Request))
#44 /home/imma/Desktop/GIPTaak8/Poging2/vendor/laravel/framework/src/Illuminate/Cookie/Middleware/AddQueuedCookiesToResponse.php(37): Illuminate\Routing\Pipeline->Illuminate\Routing\{closure}(Object(Illuminate\Http\Request))
#45 /home/imma/Desktop/GIPTaak8/Poging2/vendor/laravel/framework/src/Illuminate/Pipeline/Pipeline.php(148): Illuminate\Cookie\Middleware\AddQueuedCookiesToResponse->handle(Object(Illuminate\Http\Request), Object(Closure))
#46 /home/imma/Desktop/GIPTaak8/Poging2/vendor/laravel/framework/src/Illuminate/Routing/Pipeline.php(53): Illuminate\Pipeline\Pipeline->Illuminate\Pipeline\{closure}(Object(Illuminate\Http\Request))
#47 /home/imma/Desktop/GIPTaak8/Poging2/vendor/laravel/framework/src/Illuminate/Cookie/Middleware/EncryptCookies.php(59): Illuminate\Routing\Pipeline->Illuminate\Routing\{closure}(Object(Illuminate\Http\Request))
#48 /home/imma/Desktop/GIPTaak8/Poging2/vendor/laravel/framework/src/Illuminate/Pipeline/Pipeline.php(148): Illuminate\Cookie\Middleware\EncryptCookies->handle(Object(Illuminate\Http\Request), Object(Closure))
#49 /home/imma/Desktop/GIPTaak8/Poging2/vendor/laravel/framework/src/Illuminate/Routing/Pipeline.php(53): Illuminate\Pipeline\Pipeline->Illuminate\Pipeline\{closure}(Object(Illuminate\Http\Request))
#50 /home/imma/Desktop/GIPTaak8/Poging2/vendor/laravel/framework/src/Illuminate/Pipeline/Pipeline.php(102): Illuminate\Routing\Pipeline->Illuminate\Routing\{closure}(Object(Illuminate\Http\Request))
#51 /home/imma/Desktop/GIPTaak8/Poging2/vendor/laravel/framework/src/Illuminate/Routing/Router.php(561): Illuminate\Pipeline\Pipeline->then(Object(Closure))
#52 /home/imma/Desktop/GIPTaak8/Poging2/vendor/laravel/framework/src/Illuminate/Routing/Router.php(520): Illuminate\Routing\Router->runRouteWithinStack(Object(Illuminate\Routing\Route), Object(Illuminate\Http\Request))
#53 /home/imma/Desktop/GIPTaak8/Poging2/vendor/laravel/framework/src/Illuminate/Routing/Router.php(498): Illuminate\Routing\Router->dispatchToRoute(Object(Illuminate\Http\Request))
#54 /home/imma/Desktop/GIPTaak8/Poging2/vendor/laravel/framework/src/Illuminate/Foundation/Http/Kernel.php(174): Illuminate\Routing\Router->dispatch(Object(Illuminate\Http\Request))
#55 /home/imma/Desktop/GIPTaak8/Poging2/vendor/laravel/framework/src/Illuminate/Routing/Pipeline.php(30): Illuminate\Foundation\Http\Kernel->Illuminate\Foundation\Http\{closure}(Object(Illuminate\Http\Request))
#56 /home/imma/Desktop/GIPTaak8/Poging2/vendor/laravel/framework/src/Illuminate/Foundation/Http/Middleware/TransformsRequest.php(30): Illuminate\Routing\Pipeline->Illuminate\Routing\{closure}(Object(Illuminate\Http\Request))
#57 /home/imma/Desktop/GIPTaak8/Poging2/vendor/laravel/framework/src/Illuminate/Pipeline/Pipeline.php(148): Illuminate\Foundation\Http\Middleware\TransformsRequest->handle(Object(Illuminate\Http\Request), Object(Closure))
#58 /home/imma/Desktop/GIPTaak8/Poging2/vendor/laravel/framework/src/Illuminate/Routing/Pipeline.php(53): Illuminate\Pipeline\Pipeline->Illuminate\Pipeline\{closure}(Object(Illuminate\Http\Request))
#59 /home/imma/Desktop/GIPTaak8/Poging2/vendor/laravel/framework/src/Illuminate/Foundation/Http/Middleware/TransformsRequest.php(30): Illuminate\Routing\Pipeline->Illuminate\Routing\{closure}(Object(Illuminate\Http\Request))
#60 /home/imma/Desktop/GIPTaak8/Poging2/vendor/laravel/framework/src/Illuminate/Pipeline/Pipeline.php(148): Illuminate\Foundation\Http\Middleware\TransformsRequest->handle(Object(Illuminate\Http\Request), Object(Closure))
#61 /home/imma/Desktop/GIPTaak8/Poging2/vendor/laravel/framework/src/Illuminate/Routing/Pipeline.php(53): Illuminate\Pipeline\Pipeline->Illuminate\Pipeline\{closure}(Object(Illuminate\Http\Request))
#62 /home/imma/Desktop/GIPTaak8/Poging2/vendor/laravel/framework/src/Illuminate/Foundation/Http/Middleware/ValidatePostSize.php(27): Illuminate\Routing\Pipeline->Illuminate\Routing\{closure}(Object(Illuminate\Http\Request))
#63 /home/imma/Desktop/GIPTaak8/Poging2/vendor/laravel/framework/src/Illuminate/Pipeline/Pipeline.php(148): Illuminate\Foundation\Http\Middleware\ValidatePostSize->handle(Object(Illuminate\Http\Request), Object(Closure))
#64 /home/imma/Desktop/GIPTaak8/Poging2/vendor/laravel/framework/src/Illuminate/Routing/Pipeline.php(53): Illuminate\Pipeline\Pipeline->Illuminate\Pipeline\{closure}(Object(Illuminate\Http\Request))
#65 /home/imma/Desktop/GIPTaak8/Poging2/vendor/laravel/framework/src/Illuminate/Foundation/Http/Middleware/CheckForMaintenanceMode.php(46): Illuminate\Routing\Pipeline->Illuminate\Routing\{closure}(Object(Illuminate\Http\Request))
#66 /home/imma/Desktop/GIPTaak8/Poging2/vendor/laravel/framework/src/Illuminate/Pipeline/Pipeline.php(148): Illuminate\Foundation\Http\Middleware\CheckForMaintenanceMode->handle(Object(Illuminate\Http\Request), Object(Closure))
#67 /home/imma/Desktop/GIPTaak8/Poging2/vendor/laravel/framework/src/Illuminate/Routing/Pipeline.php(53): Illuminate\Pipeline\Pipeline->Illuminate\Pipeline\{closure}(Object(Illuminate\Http\Request))
#68 /home/imma/Desktop/GIPTaak8/Poging2/vendor/laravel/framework/src/Illuminate/Pipeline/Pipeline.php(102): Illuminate\Routing\Pipeline->Illuminate\Routing\{closure}(Object(Illuminate\Http\Request))
#69 /home/imma/Desktop/GIPTaak8/Poging2/vendor/laravel/framework/src/Illuminate/Foundation/Http/Kernel.php(149): Illuminate\Pipeline\Pipeline->then(Object(Closure))
#70 /home/imma/Desktop/GIPTaak8/Poging2/vendor/laravel/framework/src/Illuminate/Foundation/Http/Kernel.php(116): Illuminate\Foundation\Http\Kernel->sendRequestThroughRouter(Object(Illuminate\Http\Request))
#71 /home/imma/Desktop/GIPTaak8/Poging2/public/index.php(53): Illuminate\Foundation\Http\Kernel->handle(Object(Illuminate\Http\Request))
#72 /home/imma/Desktop/GIPTaak8/Poging2/server.php(21): require_once('/home/imma/Desk...')
#73 {main}

Next Illuminate\Database\QueryException: SQLSTATE[HY000] [1045] Access denied for user 'homestead'@'localhost' (using password: YES) (SQL: select count(*) as aggregate from `users` where `email` = kathleen.puvrez@immalle.be) in /home/imma/Desktop/GIPTaak8/Poging2/vendor/laravel/framework/src/Illuminate/Database/Connection.php:647
Stack trace:
#0 /home/imma/Desktop/GIPTaak8/Poging2/vendor/laravel/framework/src/Illuminate/Database/Connection.php(607): Illuminate\Database\Connection->runQueryCallback('select count(*)...', Array, Object(Closure))
#1 /home/imma/Desktop/GIPTaak8/Poging2/vendor/laravel/framework/src/Illuminate/Database/Connection.php(326): Illuminate\Database\Connection->run('select count(*)...', Array, Object(Closure))
#2 /home/imma/Desktop/GIPTaak8/Poging2/vendor/laravel/framework/src/Illuminate/Database/Query/Builder.php(1711): Illuminate\Database\Connection->select('select count(*)...', Array, false)
#3 /home/imma/Desktop/GIPTaak8/Poging2/vendor/laravel/framework/src/Illuminate/Database/Query/Builder.php(1696): Illuminate\Database\Query\Builder->runSelect()
#4 /home/imma/Desktop/GIPTaak8/Poging2/vendor/laravel/framework/src/Illuminate/Database/Query/Builder.php(2031): Illuminate\Database\Query\Builder->get(Array)
#5 /home/imma/Desktop/GIPTaak8/Poging2/vendor/laravel/framework/src/Illuminate/Database/Query/Builder.php(1959): Illuminate\Database\Query\Builder->aggregate('count', Array)
#6 /home/imma/Desktop/GIPTaak8/Poging2/vendor/laravel/framework/src/Illuminate/Validation/DatabasePresenceVerifier.php(55): Illuminate\Database\Query\Builder->count()
#7 /home/imma/Desktop/GIPTaak8/Poging2/vendor/laravel/framework/src/Illuminate/Validation/Concerns/ValidatesAttributes.php(612): Illuminate\Validation\DatabasePresenceVerifier->getCount('users', 'email', 'kathleen.puvrez...', NULL, NULL, Array)
#8 /home/imma/Desktop/GIPTaak8/Poging2/vendor/laravel/framework/src/Illuminate/Validation/Validator.php(338): Illuminate\Validation\Validator->validateUnique('email', 'kathleen.puvrez...', Array, Object(Illuminate\Validation\Validator))
#9 /home/imma/Desktop/GIPTaak8/Poging2/vendor/laravel/framework/src/Illuminate/Validation/Validator.php(253): Illuminate\Validation\Validator->validateAttribute('email', 'Unique')
#10 /home/imma/Desktop/GIPTaak8/Poging2/vendor/laravel/framework/src/Illuminate/Validation/Validator.php(278): Illuminate\Validation\Validator->passes()
#11 /home/imma/Desktop/GIPTaak8/Poging2/vendor/laravel/framework/src/Illuminate/Validation/Validator.php(290): Illuminate\Validation\Validator->fails()
#12 /home/imma/Desktop/GIPTaak8/Poging2/vendor/laravel/framework/src/Illuminate/Foundation/Auth/RegistersUsers.php(31): Illuminate\Validation\Validator->validate()
#13 [internal function]: App\Http\Controllers\Auth\RegisterController->register(Object(Illuminate\Http\Request))
#14 /home/imma/Desktop/GIPTaak8/Poging2/vendor/laravel/framework/src/Illuminate/Routing/Controller.php(55): call_user_func_array(Array, Array)
#15 /home/imma/Desktop/GIPTaak8/Poging2/vendor/laravel/framework/src/Illuminate/Routing/ControllerDispatcher.php(44): Illuminate\Routing\Controller->callAction('register', Array)
#16 /home/imma/Desktop/GIPTaak8/Poging2/vendor/laravel/framework/src/Illuminate/Routing/Route.php(203): Illuminate\Routing\ControllerDispatcher->dispatch(Object(Illuminate\Routing\Route), Object(App\Http\Controllers\Auth\RegisterController), 'register')
#17 /home/imma/Desktop/GIPTaak8/Poging2/vendor/laravel/framework/src/Illuminate/Routing/Route.php(160): Illuminate\Routing\Route->runController()
#18 /home/imma/Desktop/GIPTaak8/Poging2/vendor/laravel/framework/src/Illuminate/Routing/Router.php(559): Illuminate\Routing\Route->run()
#19 /home/imma/Desktop/GIPTaak8/Poging2/vendor/laravel/framework/src/Illuminate/Routing/Pipeline.php(30): Illuminate\Routing\Router->Illuminate\Routing\{closure}(Object(Illuminate\Http\Request))
#20 /home/imma/Desktop/GIPTaak8/Poging2/app/Http/Middleware/RedirectIfAuthenticated.php(24): Illuminate\Routing\Pipeline->Illuminate\Routing\{closure}(Object(Illuminate\Http\Request))
#21 /home/imma/Desktop/GIPTaak8/Poging2/vendor/laravel/framework/src/Illuminate/Pipeline/Pipeline.php(148): App\Http\Middleware\RedirectIfAuthenticated->handle(Object(Illuminate\Http\Request), Object(Closure))
#22 /home/imma/Desktop/GIPTaak8/Poging2/vendor/laravel/framework/src/Illuminate/Routing/Pipeline.php(53): Illuminate\Pipeline\Pipeline->Illuminate\Pipeline\{closure}(Object(Illuminate\Http\Request))
#23 /home/imma/Desktop/GIPTaak8/Poging2/vendor/laravel/framework/src/Illuminate/Routing/Middleware/SubstituteBindings.php(41): Illuminate\Routing\Pipeline->Illuminate\Routing\{closure}(Object(Illuminate\Http\Request))
#24 /home/imma/Desktop/GIPTaak8/Poging2/vendor/laravel/framework/src/Illuminate/Pipeline/Pipeline.php(148): Illuminate\Routing\Middleware\SubstituteBindings->handle(Object(Illuminate\Http\Request), Object(Closure))
#25 /home/imma/Desktop/GIPTaak8/Poging2/vendor/laravel/framework/src/Illuminate/Routing/Pipeline.php(53): Illuminate\Pipeline\Pipeline->Illuminate\Pipeline\{closure}(Object(Illuminate\Http\Request))
#26 /home/imma/Desktop/GIPTaak8/Poging2/vendor/laravel/framework/src/Illuminate/Foundation/Http/Middleware/VerifyCsrfToken.php(65): Illuminate\Routing\Pipeline->Illuminate\Routing\{closure}(Object(Illuminate\Http\Request))
#27 /home/imma/Desktop/GIPTaak8/Poging2/vendor/laravel/framework/src/Illuminate/Pipeline/Pipeline.php(148): Illuminate\Foundation\Http\Middleware\VerifyCsrfToken->handle(Object(Illuminate\Http\Request), Object(Closure))
#28 /home/imma/Desktop/GIPTaak8/Poging2/vendor/laravel/framework/src/Illuminate/Routing/Pipeline.php(53): Illuminate\Pipeline\Pipeline->Illuminate\Pipeline\{closure}(Object(Illuminate\Http\Request))
#29 /home/imma/Desktop/GIPTaak8/Poging2/vendor/laravel/framework/src/Illuminate/View/Middleware/ShareErrorsFromSession.php(49): Illuminate\Routing\Pipeline->Illuminate\Routing\{closure}(Object(Illuminate\Http\Request))
#30 /home/imma/Desktop/GIPTaak8/Poging2/vendor/laravel/framework/src/Illuminate/Pipeline/Pipeline.php(148): Illuminate\View\Middleware\ShareErrorsFromSession->handle(Object(Illuminate\Http\Request), Object(Closure))
#31 /home/imma/Desktop/GIPTaak8/Poging2/vendor/laravel/framework/src/Illuminate/Routing/Pipeline.php(53): Illuminate\Pipeline\Pipeline->Illuminate\Pipeline\{closure}(Object(Illuminate\Http\Request))
#32 /home/imma/Desktop/GIPTaak8/Poging2/vendor/laravel/framework/src/Illuminate/Session/Middleware/StartSession.php(64): Illuminate\Routing\Pipeline->Illuminate\Routing\{closure}(Object(Illuminate\Http\Request))
#33 /home/imma/Desktop/GIPTaak8/Poging2/vendor/laravel/framework/src/Illuminate/Pipeline/Pipeline.php(148): Illuminate\Session\Middleware\StartSession->handle(Object(Illuminate\Http\Request), Object(Closure))
#34 /home/imma/Desktop/GIPTaak8/Poging2/vendor/laravel/framework/src/Illuminate/Routing/Pipeline.php(53): Illuminate\Pipeline\Pipeline->Illuminate\Pipeline\{closure}(Object(Illuminate\Http\Request))
#35 /home/imma/Desktop/GIPTaak8/Poging2/vendor/laravel/framework/src/Illuminate/Cookie/Middleware/AddQueuedCookiesToResponse.php(37): Illuminate\Routing\Pipeline->Illuminate\Routing\{closure}(Object(Illuminate\Http\Request))
#36 /home/imma/Desktop/GIPTaak8/Poging2/vendor/laravel/framework/src/Illuminate/Pipeline/Pipeline.php(148): Illuminate\Cookie\Middleware\AddQueuedCookiesToResponse->handle(Object(Illuminate\Http\Request), Object(Closure))
#37 /home/imma/Desktop/GIPTaak8/Poging2/vendor/laravel/framework/src/Illuminate/Routing/Pipeline.php(53): Illuminate\Pipeline\Pipeline->Illuminate\Pipeline\{closure}(Object(Illuminate\Http\Request))
#38 /home/imma/Desktop/GIPTaak8/Poging2/vendor/laravel/framework/src/Illuminate/Cookie/Middleware/EncryptCookies.php(59): Illuminate\Routing\Pipeline->Illuminate\Routing\{closure}(Object(Illuminate\Http\Request))
#39 /home/imma/Desktop/GIPTaak8/Poging2/vendor/laravel/framework/src/Illuminate/Pipeline/Pipeline.php(148): Illuminate\Cookie\Middleware\EncryptCookies->handle(Object(Illuminate\Http\Request), Object(Closure))
#40 /home/imma/Desktop/GIPTaak8/Poging2/vendor/laravel/framework/src/Illuminate/Routing/Pipeline.php(53): Illuminate\Pipeline\Pipeline->Illuminate\Pipeline\{closure}(Object(Illuminate\Http\Request))
#41 /home/imma/Desktop/GIPTaak8/Poging2/vendor/laravel/framework/src/Illuminate/Pipeline/Pipeline.php(102): Illuminate\Routing\Pipeline->Illuminate\Routing\{closure}(Object(Illuminate\Http\Request))
#42 /home/imma/Desktop/GIPTaak8/Poging2/vendor/laravel/framework/src/Illuminate/Routing/Router.php(561): Illuminate\Pipeline\Pipeline->then(Object(Closure))
#43 /home/imma/Desktop/GIPTaak8/Poging2/vendor/laravel/framework/src/Illuminate/Routing/Router.php(520): Illuminate\Routing\Router->runRouteWithinStack(Object(Illuminate\Routing\Route), Object(Illuminate\Http\Request))
#44 /home/imma/Desktop/GIPTaak8/Poging2/vendor/laravel/framework/src/Illuminate/Routing/Router.php(498): Illuminate\Routing\Router->dispatchToRoute(Object(Illuminate\Http\Request))
#45 /home/imma/Desktop/GIPTaak8/Poging2/vendor/laravel/framework/src/Illuminate/Foundation/Http/Kernel.php(174): Illuminate\Routing\Router->dispatch(Object(Illuminate\Http\Request))
#46 /home/imma/Desktop/GIPTaak8/Poging2/vendor/laravel/framework/src/Illuminate/Routing/Pipeline.php(30): Illuminate\Foundation\Http\Kernel->Illuminate\Foundation\Http\{closure}(Object(Illuminate\Http\Request))
#47 /home/imma/Desktop/GIPTaak8/Poging2/vendor/laravel/framework/src/Illuminate/Foundation/Http/Middleware/TransformsRequest.php(30): Illuminate\Routing\Pipeline->Illuminate\Routing\{closure}(Object(Illuminate\Http\Request))
#48 /home/imma/Desktop/GIPTaak8/Poging2/vendor/laravel/framework/src/Illuminate/Pipeline/Pipeline.php(148): Illuminate\Foundation\Http\Middleware\TransformsRequest->handle(Object(Illuminate\Http\Request), Object(Closure))
#49 /home/imma/Desktop/GIPTaak8/Poging2/vendor/laravel/framework/src/Illuminate/Routing/Pipeline.php(53): Illuminate\Pipeline\Pipeline->Illuminate\Pipeline\{closure}(Object(Illuminate\Http\Request))
#50 /home/imma/Desktop/GIPTaak8/Poging2/vendor/laravel/framework/src/Illuminate/Foundation/Http/Middleware/TransformsRequest.php(30): Illuminate\Routing\Pipeline->Illuminate\Routing\{closure}(Object(Illuminate\Http\Request))
#51 /home/imma/Desktop/GIPTaak8/Poging2/vendor/laravel/framework/src/Illuminate/Pipeline/Pipeline.php(148): Illuminate\Foundation\Http\Middleware\TransformsRequest->handle(Object(Illuminate\Http\Request), Object(Closure))
#52 /home/imma/Desktop/GIPTaak8/Poging2/vendor/laravel/framework/src/Illuminate/Routing/Pipeline.php(53): Illuminate\Pipeline\Pipeline->Illuminate\Pipeline\{closure}(Object(Illuminate\Http\Request))
#53 /home/imma/Desktop/GIPTaak8/Poging2/vendor/laravel/framework/src/Illuminate/Foundation/Http/Middleware/ValidatePostSize.php(27): Illuminate\Routing\Pipeline->Illuminate\Routing\{closure}(Object(Illuminate\Http\Request))
#54 /home/imma/Desktop/GIPTaak8/Poging2/vendor/laravel/framework/src/Illuminate/Pipeline/Pipeline.php(148): Illuminate\Foundation\Http\Middleware\ValidatePostSize->handle(Object(Illuminate\Http\Request), Object(Closure))
#55 /home/imma/Desktop/GIPTaak8/Poging2/vendor/laravel/framework/src/Illuminate/Routing/Pipeline.php(53): Illuminate\Pipeline\Pipeline->Illuminate\Pipeline\{closure}(Object(Illuminate\Http\Request))
#56 /home/imma/Desktop/GIPTaak8/Poging2/vendor/laravel/framework/src/Illuminate/Foundation/Http/Middleware/CheckForMaintenanceMode.php(46): Illuminate\Routing\Pipeline->Illuminate\Routing\{closure}(Object(Illuminate\Http\Request))
#57 /home/imma/Desktop/GIPTaak8/Poging2/vendor/laravel/framework/src/Illuminate/Pipeline/Pipeline.php(148): Illuminate\Foundation\Http\Middleware\CheckForMaintenanceMode->handle(Object(Illuminate\Http\Request), Object(Closure))
#58 /home/imma/Desktop/GIPTaak8/Poging2/vendor/laravel/framework/src/Illuminate/Routing/Pipeline.php(53): Illuminate\Pipeline\Pipeline->Illuminate\Pipeline\{closure}(Object(Illuminate\Http\Request))
#59 /home/imma/Desktop/GIPTaak8/Poging2/vendor/laravel/framework/src/Illuminate/Pipeline/Pipeline.php(102): Illuminate\Routing\Pipeline->Illuminate\Routing\{closure}(Object(Illuminate\Http\Request))
#60 /home/imma/Desktop/GIPTaak8/Poging2/vendor/laravel/framework/src/Illuminate/Foundation/Http/Kernel.php(149): Illuminate\Pipeline\Pipeline->then(Object(Closure))
#61 /home/imma/Desktop/GIPTaak8/Poging2/vendor/laravel/framework/src/Illuminate/Foundation/Http/Kernel.php(116): Illuminate\Foundation\Http\Kernel->sendRequestThroughRouter(Object(Illuminate\Http\Request))
#62 /home/imma/Desktop/GIPTaak8/Poging2/public/index.php(53): Illuminate\Foundation\Http\Kernel->handle(Object(Illuminate\Http\Request))
#63 /home/imma/Desktop/GIPTaak8/Poging2/server.php(21): require_once('/home/imma/Desk...')
#64 {main}  
[2017-05-09 13:48:54] local.ERROR: PDOException: SQLSTATE[HY000] [1045] Access denied for user 'homestead'@'localhost' (using password: YES) in /home/imma/Desktop/GIPTaak8/Poging2/vendor/laravel/framework/src/Illuminate/Database/Connectors/Connector.php:68
Stack trace:
#0 /home/imma/Desktop/GIPTaak8/Poging2/vendor/laravel/framework/src/Illuminate/Database/Connectors/Connector.php(68): PDO->__construct('mysql:host=127....', 'homestead', 'secret', Array)
#1 /home/imma/Desktop/GIPTaak8/Poging2/vendor/laravel/framework/src/Illuminate/Database/Connectors/Connector.php(43): Illuminate\Database\Connectors\Connector->createPdoConnection('mysql:host=127....', 'homestead', 'secret', Array)
#2 /home/imma/Desktop/GIPTaak8/Poging2/vendor/laravel/framework/src/Illuminate/Database/Connectors/MySqlConnector.php(24): Illuminate\Database\Connectors\Connector->createConnection('mysql:host=127....', Array, Array)
#3 /home/imma/Desktop/GIPTaak8/Poging2/vendor/laravel/framework/src/Illuminate/Database/Connectors/ConnectionFactory.php(183): Illuminate\Database\Connectors\MySqlConnector->connect(Array)
#4 [internal function]: Illuminate\Database\Connectors\ConnectionFactory->Illuminate\Database\Connectors\{closure}()
#5 /home/imma/Desktop/GIPTaak8/Poging2/vendor/laravel/framework/src/Illuminate/Database/Connection.php(882): call_user_func(Object(Closure))
#6 /home/imma/Desktop/GIPTaak8/Poging2/vendor/laravel/framework/src/Illuminate/Database/Connection.php(392): Illuminate\Database\Connection->getPdo()
#7 /home/imma/Desktop/GIPTaak8/Poging2/vendor/laravel/framework/src/Illuminate/Database/Connection.php(318): Illuminate\Database\Connection->getPdoForSelect(false)
#8 /home/imma/Desktop/GIPTaak8/Poging2/vendor/laravel/framework/src/Illuminate/Database/Connection.php(640): Illuminate\Database\Connection->Illuminate\Database\{closure}('select count(*)...', Array)
#9 /home/imma/Desktop/GIPTaak8/Poging2/vendor/laravel/framework/src/Illuminate/Database/Connection.php(607): Illuminate\Database\Connection->runQueryCallback('select count(*)...', Array, Object(Closure))
#10 /home/imma/Desktop/GIPTaak8/Poging2/vendor/laravel/framework/src/Illuminate/Database/Connection.php(326): Illuminate\Database\Connection->run('select count(*)...', Array, Object(Closure))
#11 /home/imma/Desktop/GIPTaak8/Poging2/vendor/laravel/framework/src/Illuminate/Database/Query/Builder.php(1711): Illuminate\Database\Connection->select('select count(*)...', Array, false)
#12 /home/imma/Desktop/GIPTaak8/Poging2/vendor/laravel/framework/src/Illuminate/Database/Query/Builder.php(1696): Illuminate\Database\Query\Builder->runSelect()
#13 /home/imma/Desktop/GIPTaak8/Poging2/vendor/laravel/framework/src/Illuminate/Database/Query/Builder.php(2031): Illuminate\Database\Query\Builder->get(Array)
#14 /home/imma/Desktop/GIPTaak8/Poging2/vendor/laravel/framework/src/Illuminate/Database/Query/Builder.php(1959): Illuminate\Database\Query\Builder->aggregate('count', Array)
#15 /home/imma/Desktop/GIPTaak8/Poging2/vendor/laravel/framework/src/Illuminate/Validation/DatabasePresenceVerifier.php(55): Illuminate\Database\Query\Builder->count()
#16 /home/imma/Desktop/GIPTaak8/Poging2/vendor/laravel/framework/src/Illuminate/Validation/Concerns/ValidatesAttributes.php(612): Illuminate\Validation\DatabasePresenceVerifier->getCount('users', 'email', 'kathleen.puvrez...', NULL, NULL, Array)
#17 /home/imma/Desktop/GIPTaak8/Poging2/vendor/laravel/framework/src/Illuminate/Validation/Validator.php(338): Illuminate\Validation\Validator->validateUnique('email', 'kathleen.puvrez...', Array, Object(Illuminate\Validation\Validator))
#18 /home/imma/Desktop/GIPTaak8/Poging2/vendor/laravel/framework/src/Illuminate/Validation/Validator.php(253): Illuminate\Validation\Validator->validateAttribute('email', 'Unique')
#19 /home/imma/Desktop/GIPTaak8/Poging2/vendor/laravel/framework/src/Illuminate/Validation/Validator.php(278): Illuminate\Validation\Validator->passes()
#20 /home/imma/Desktop/GIPTaak8/Poging2/vendor/laravel/framework/src/Illuminate/Validation/Validator.php(290): Illuminate\Validation\Validator->fails()
#21 /home/imma/Desktop/GIPTaak8/Poging2/vendor/laravel/framework/src/Illuminate/Foundation/Auth/RegistersUsers.php(31): Illuminate\Validation\Validator->validate()
#22 [internal function]: App\Http\Controllers\Auth\RegisterController->register(Object(Illuminate\Http\Request))
#23 /home/imma/Desktop/GIPTaak8/Poging2/vendor/laravel/framework/src/Illuminate/Routing/Controller.php(55): call_user_func_array(Array, Array)
#24 /home/imma/Desktop/GIPTaak8/Poging2/vendor/laravel/framework/src/Illuminate/Routing/ControllerDispatcher.php(44): Illuminate\Routing\Controller->callAction('register', Array)
#25 /home/imma/Desktop/GIPTaak8/Poging2/vendor/laravel/framework/src/Illuminate/Routing/Route.php(203): Illuminate\Routing\ControllerDispatcher->dispatch(Object(Illuminate\Routing\Route), Object(App\Http\Controllers\Auth\RegisterController), 'register')
#26 /home/imma/Desktop/GIPTaak8/Poging2/vendor/laravel/framework/src/Illuminate/Routing/Route.php(160): Illuminate\Routing\Route->runController()
#27 /home/imma/Desktop/GIPTaak8/Poging2/vendor/laravel/framework/src/Illuminate/Routing/Router.php(559): Illuminate\Routing\Route->run()
#28 /home/imma/Desktop/GIPTaak8/Poging2/vendor/laravel/framework/src/Illuminate/Routing/Pipeline.php(30): Illuminate\Routing\Router->Illuminate\Routing\{closure}(Object(Illuminate\Http\Request))
#29 /home/imma/Desktop/GIPTaak8/Poging2/app/Http/Middleware/RedirectIfAuthenticated.php(24): Illuminate\Routing\Pipeline->Illuminate\Routing\{closure}(Object(Illuminate\Http\Request))
#30 /home/imma/Desktop/GIPTaak8/Poging2/vendor/laravel/framework/src/Illuminate/Pipeline/Pipeline.php(148): App\Http\Middleware\RedirectIfAuthenticated->handle(Object(Illuminate\Http\Request), Object(Closure))
#31 /home/imma/Desktop/GIPTaak8/Poging2/vendor/laravel/framework/src/Illuminate/Routing/Pipeline.php(53): Illuminate\Pipeline\Pipeline->Illuminate\Pipeline\{closure}(Object(Illuminate\Http\Request))
#32 /home/imma/Desktop/GIPTaak8/Poging2/vendor/laravel/framework/src/Illuminate/Routing/Middleware/SubstituteBindings.php(41): Illuminate\Routing\Pipeline->Illuminate\Routing\{closure}(Object(Illuminate\Http\Request))
#33 /home/imma/Desktop/GIPTaak8/Poging2/vendor/laravel/framework/src/Illuminate/Pipeline/Pipeline.php(148): Illuminate\Routing\Middleware\SubstituteBindings->handle(Object(Illuminate\Http\Request), Object(Closure))
#34 /home/imma/Desktop/GIPTaak8/Poging2/vendor/laravel/framework/src/Illuminate/Routing/Pipeline.php(53): Illuminate\Pipeline\Pipeline->Illuminate\Pipeline\{closure}(Object(Illuminate\Http\Request))
#35 /home/imma/Desktop/GIPTaak8/Poging2/vendor/laravel/framework/src/Illuminate/Foundation/Http/Middleware/VerifyCsrfToken.php(65): Illuminate\Routing\Pipeline->Illuminate\Routing\{closure}(Object(Illuminate\Http\Request))
#36 /home/imma/Desktop/GIPTaak8/Poging2/vendor/laravel/framework/src/Illuminate/Pipeline/Pipeline.php(148): Illuminate\Foundation\Http\Middleware\VerifyCsrfToken->handle(Object(Illuminate\Http\Request), Object(Closure))
#37 /home/imma/Desktop/GIPTaak8/Poging2/vendor/laravel/framework/src/Illuminate/Routing/Pipeline.php(53): Illuminate\Pipeline\Pipeline->Illuminate\Pipeline\{closure}(Object(Illuminate\Http\Request))
#38 /home/imma/Desktop/GIPTaak8/Poging2/vendor/laravel/framework/src/Illuminate/View/Middleware/ShareErrorsFromSession.php(49): Illuminate\Routing\Pipeline->Illuminate\Routing\{closure}(Object(Illuminate\Http\Request))
#39 /home/imma/Desktop/GIPTaak8/Poging2/vendor/laravel/framework/src/Illuminate/Pipeline/Pipeline.php(148): Illuminate\View\Middleware\ShareErrorsFromSession->handle(Object(Illuminate\Http\Request), Object(Closure))
#40 /home/imma/Desktop/GIPTaak8/Poging2/vendor/laravel/framework/src/Illuminate/Routing/Pipeline.php(53): Illuminate\Pipeline\Pipeline->Illuminate\Pipeline\{closure}(Object(Illuminate\Http\Request))
#41 /home/imma/Desktop/GIPTaak8/Poging2/vendor/laravel/framework/src/Illuminate/Session/Middleware/StartSession.php(64): Illuminate\Routing\Pipeline->Illuminate\Routing\{closure}(Object(Illuminate\Http\Request))
#42 /home/imma/Desktop/GIPTaak8/Poging2/vendor/laravel/framework/src/Illuminate/Pipeline/Pipeline.php(148): Illuminate\Session\Middleware\StartSession->handle(Object(Illuminate\Http\Request), Object(Closure))
#43 /home/imma/Desktop/GIPTaak8/Poging2/vendor/laravel/framework/src/Illuminate/Routing/Pipeline.php(53): Illuminate\Pipeline\Pipeline->Illuminate\Pipeline\{closure}(Object(Illuminate\Http\Request))
#44 /home/imma/Desktop/GIPTaak8/Poging2/vendor/laravel/framework/src/Illuminate/Cookie/Middleware/AddQueuedCookiesToResponse.php(37): Illuminate\Routing\Pipeline->Illuminate\Routing\{closure}(Object(Illuminate\Http\Request))
#45 /home/imma/Desktop/GIPTaak8/Poging2/vendor/laravel/framework/src/Illuminate/Pipeline/Pipeline.php(148): Illuminate\Cookie\Middleware\AddQueuedCookiesToResponse->handle(Object(Illuminate\Http\Request), Object(Closure))
#46 /home/imma/Desktop/GIPTaak8/Poging2/vendor/laravel/framework/src/Illuminate/Routing/Pipeline.php(53): Illuminate\Pipeline\Pipeline->Illuminate\Pipeline\{closure}(Object(Illuminate\Http\Request))
#47 /home/imma/Desktop/GIPTaak8/Poging2/vendor/laravel/framework/src/Illuminate/Cookie/Middleware/EncryptCookies.php(59): Illuminate\Routing\Pipeline->Illuminate\Routing\{closure}(Object(Illuminate\Http\Request))
#48 /home/imma/Desktop/GIPTaak8/Poging2/vendor/laravel/framework/src/Illuminate/Pipeline/Pipeline.php(148): Illuminate\Cookie\Middleware\EncryptCookies->handle(Object(Illuminate\Http\Request), Object(Closure))
#49 /home/imma/Desktop/GIPTaak8/Poging2/vendor/laravel/framework/src/Illuminate/Routing/Pipeline.php(53): Illuminate\Pipeline\Pipeline->Illuminate\Pipeline\{closure}(Object(Illuminate\Http\Request))
#50 /home/imma/Desktop/GIPTaak8/Poging2/vendor/laravel/framework/src/Illuminate/Pipeline/Pipeline.php(102): Illuminate\Routing\Pipeline->Illuminate\Routing\{closure}(Object(Illuminate\Http\Request))
#51 /home/imma/Desktop/GIPTaak8/Poging2/vendor/laravel/framework/src/Illuminate/Routing/Router.php(561): Illuminate\Pipeline\Pipeline->then(Object(Closure))
#52 /home/imma/Desktop/GIPTaak8/Poging2/vendor/laravel/framework/src/Illuminate/Routing/Router.php(520): Illuminate\Routing\Router->runRouteWithinStack(Object(Illuminate\Routing\Route), Object(Illuminate\Http\Request))
#53 /home/imma/Desktop/GIPTaak8/Poging2/vendor/laravel/framework/src/Illuminate/Routing/Router.php(498): Illuminate\Routing\Router->dispatchToRoute(Object(Illuminate\Http\Request))
#54 /home/imma/Desktop/GIPTaak8/Poging2/vendor/laravel/framework/src/Illuminate/Foundation/Http/Kernel.php(174): Illuminate\Routing\Router->dispatch(Object(Illuminate\Http\Request))
#55 /home/imma/Desktop/GIPTaak8/Poging2/vendor/laravel/framework/src/Illuminate/Routing/Pipeline.php(30): Illuminate\Foundation\Http\Kernel->Illuminate\Foundation\Http\{closure}(Object(Illuminate\Http\Request))
#56 /home/imma/Desktop/GIPTaak8/Poging2/vendor/laravel/framework/src/Illuminate/Foundation/Http/Middleware/TransformsRequest.php(30): Illuminate\Routing\Pipeline->Illuminate\Routing\{closure}(Object(Illuminate\Http\Request))
#57 /home/imma/Desktop/GIPTaak8/Poging2/vendor/laravel/framework/src/Illuminate/Pipeline/Pipeline.php(148): Illuminate\Foundation\Http\Middleware\TransformsRequest->handle(Object(Illuminate\Http\Request), Object(Closure))
#58 /home/imma/Desktop/GIPTaak8/Poging2/vendor/laravel/framework/src/Illuminate/Routing/Pipeline.php(53): Illuminate\Pipeline\Pipeline->Illuminate\Pipeline\{closure}(Object(Illuminate\Http\Request))
#59 /home/imma/Desktop/GIPTaak8/Poging2/vendor/laravel/framework/src/Illuminate/Foundation/Http/Middleware/TransformsRequest.php(30): Illuminate\Routing\Pipeline->Illuminate\Routing\{closure}(Object(Illuminate\Http\Request))
#60 /home/imma/Desktop/GIPTaak8/Poging2/vendor/laravel/framework/src/Illuminate/Pipeline/Pipeline.php(148): Illuminate\Foundation\Http\Middleware\TransformsRequest->handle(Object(Illuminate\Http\Request), Object(Closure))
#61 /home/imma/Desktop/GIPTaak8/Poging2/vendor/laravel/framework/src/Illuminate/Routing/Pipeline.php(53): Illuminate\Pipeline\Pipeline->Illuminate\Pipeline\{closure}(Object(Illuminate\Http\Request))
#62 /home/imma/Desktop/GIPTaak8/Poging2/vendor/laravel/framework/src/Illuminate/Foundation/Http/Middleware/ValidatePostSize.php(27): Illuminate\Routing\Pipeline->Illuminate\Routing\{closure}(Object(Illuminate\Http\Request))
#63 /home/imma/Desktop/GIPTaak8/Poging2/vendor/laravel/framework/src/Illuminate/Pipeline/Pipeline.php(148): Illuminate\Foundation\Http\Middleware\ValidatePostSize->handle(Object(Illuminate\Http\Request), Object(Closure))
#64 /home/imma/Desktop/GIPTaak8/Poging2/vendor/laravel/framework/src/Illuminate/Routing/Pipeline.php(53): Illuminate\Pipeline\Pipeline->Illuminate\Pipeline\{closure}(Object(Illuminate\Http\Request))
#65 /home/imma/Desktop/GIPTaak8/Poging2/vendor/laravel/framework/src/Illuminate/Foundation/Http/Middleware/CheckForMaintenanceMode.php(46): Illuminate\Routing\Pipeline->Illuminate\Routing\{closure}(Object(Illuminate\Http\Request))
#66 /home/imma/Desktop/GIPTaak8/Poging2/vendor/laravel/framework/src/Illuminate/Pipeline/Pipeline.php(148): Illuminate\Foundation\Http\Middleware\CheckForMaintenanceMode->handle(Object(Illuminate\Http\Request), Object(Closure))
#67 /home/imma/Desktop/GIPTaak8/Poging2/vendor/laravel/framework/src/Illuminate/Routing/Pipeline.php(53): Illuminate\Pipeline\Pipeline->Illuminate\Pipeline\{closure}(Object(Illuminate\Http\Request))
#68 /home/imma/Desktop/GIPTaak8/Poging2/vendor/laravel/framework/src/Illuminate/Pipeline/Pipeline.php(102): Illuminate\Routing\Pipeline->Illuminate\Routing\{closure}(Object(Illuminate\Http\Request))
#69 /home/imma/Desktop/GIPTaak8/Poging2/vendor/laravel/framework/src/Illuminate/Foundation/Http/Kernel.php(149): Illuminate\Pipeline\Pipeline->then(Object(Closure))
#70 /home/imma/Desktop/GIPTaak8/Poging2/vendor/laravel/framework/src/Illuminate/Foundation/Http/Kernel.php(116): Illuminate\Foundation\Http\Kernel->sendRequestThroughRouter(Object(Illuminate\Http\Request))
#71 /home/imma/Desktop/GIPTaak8/Poging2/public/index.php(53): Illuminate\Foundation\Http\Kernel->handle(Object(Illuminate\Http\Request))
#72 /home/imma/Desktop/GIPTaak8/Poging2/server.php(21): require_once('/home/imma/Desk...')
#73 {main}  
[2017-05-09 13:48:54] local.ERROR: PDOException: SQLSTATE[HY000] [1045] Access denied for user 'homestead'@'localhost' (using password: YES) in /home/imma/Desktop/GIPTaak8/Poging2/vendor/laravel/framework/src/Illuminate/Database/Connectors/Connector.php:68
Stack trace:
#0 /home/imma/Desktop/GIPTaak8/Poging2/vendor/laravel/framework/src/Illuminate/Database/Connectors/Connector.php(68): PDO->__construct('mysql:host=127....', 'homestead', 'secret', Array)
#1 /home/imma/Desktop/GIPTaak8/Poging2/vendor/laravel/framework/src/Illuminate/Database/Connectors/Connector.php(43): Illuminate\Database\Connectors\Connector->createPdoConnection('mysql:host=127....', 'homestead', 'secret', Array)
#2 /home/imma/Desktop/GIPTaak8/Poging2/vendor/laravel/framework/src/Illuminate/Database/Connectors/MySqlConnector.php(24): Illuminate\Database\Connectors\Connector->createConnection('mysql:host=127....', Array, Array)
#3 /home/imma/Desktop/GIPTaak8/Poging2/vendor/laravel/framework/src/Illuminate/Database/Connectors/ConnectionFactory.php(183): Illuminate\Database\Connectors\MySqlConnector->connect(Array)
#4 [internal function]: Illuminate\Database\Connectors\ConnectionFactory->Illuminate\Database\Connectors\{closure}()
#5 /home/imma/Desktop/GIPTaak8/Poging2/vendor/laravel/framework/src/Illuminate/Database/Connection.php(882): call_user_func(Object(Closure))
#6 /home/imma/Desktop/GIPTaak8/Poging2/vendor/laravel/framework/src/Illuminate/Database/Connection.php(392): Illuminate\Database\Connection->getPdo()
#7 /home/imma/Desktop/GIPTaak8/Poging2/vendor/laravel/framework/src/Illuminate/Database/Connection.php(318): Illuminate\Database\Connection->getPdoForSelect(false)
#8 /home/imma/Desktop/GIPTaak8/Poging2/vendor/laravel/framework/src/Illuminate/Database/Connection.php(640): Illuminate\Database\Connection->Illuminate\Database\{closure}('select count(*)...', Array)
#9 /home/imma/Desktop/GIPTaak8/Poging2/vendor/laravel/framework/src/Illuminate/Database/Connection.php(607): Illuminate\Database\Connection->runQueryCallback('select count(*)...', Array, Object(Closure))
#10 /home/imma/Desktop/GIPTaak8/Poging2/vendor/laravel/framework/src/Illuminate/Database/Connection.php(326): Illuminate\Database\Connection->run('select count(*)...', Array, Object(Closure))
#11 /home/imma/Desktop/GIPTaak8/Poging2/vendor/laravel/framework/src/Illuminate/Database/Query/Builder.php(1711): Illuminate\Database\Connection->select('select count(*)...', Array, false)
#12 /home/imma/Desktop/GIPTaak8/Poging2/vendor/laravel/framework/src/Illuminate/Database/Query/Builder.php(1696): Illuminate\Database\Query\Builder->runSelect()
#13 /home/imma/Desktop/GIPTaak8/Poging2/vendor/laravel/framework/src/Illuminate/Database/Query/Builder.php(2031): Illuminate\Database\Query\Builder->get(Array)
#14 /home/imma/Desktop/GIPTaak8/Poging2/vendor/laravel/framework/src/Illuminate/Database/Query/Builder.php(1959): Illuminate\Database\Query\Builder->aggregate('count', Array)
#15 /home/imma/Desktop/GIPTaak8/Poging2/vendor/laravel/framework/src/Illuminate/Validation/DatabasePresenceVerifier.php(55): Illuminate\Database\Query\Builder->count()
#16 /home/imma/Desktop/GIPTaak8/Poging2/vendor/laravel/framework/src/Illuminate/Validation/Concerns/ValidatesAttributes.php(612): Illuminate\Validation\DatabasePresenceVerifier->getCount('users', 'email', 'kathleen.puvrez...', NULL, NULL, Array)
#17 /home/imma/Desktop/GIPTaak8/Poging2/vendor/laravel/framework/src/Illuminate/Validation/Validator.php(338): Illuminate\Validation\Validator->validateUnique('email', 'kathleen.puvrez...', Array, Object(Illuminate\Validation\Validator))
#18 /home/imma/Desktop/GIPTaak8/Poging2/vendor/laravel/framework/src/Illuminate/Validation/Validator.php(253): Illuminate\Validation\Validator->validateAttribute('email', 'Unique')
#19 /home/imma/Desktop/GIPTaak8/Poging2/vendor/laravel/framework/src/Illuminate/Validation/Validator.php(278): Illuminate\Validation\Validator->passes()
#20 /home/imma/Desktop/GIPTaak8/Poging2/vendor/laravel/framework/src/Illuminate/Validation/Validator.php(290): Illuminate\Validation\Validator->fails()
#21 /home/imma/Desktop/GIPTaak8/Poging2/vendor/laravel/framework/src/Illuminate/Foundation/Auth/RegistersUsers.php(31): Illuminate\Validation\Validator->validate()
#22 [internal function]: App\Http\Controllers\Auth\RegisterController->register(Object(Illuminate\Http\Request))
#23 /home/imma/Desktop/GIPTaak8/Poging2/vendor/laravel/framework/src/Illuminate/Routing/Controller.php(55): call_user_func_array(Array, Array)
#24 /home/imma/Desktop/GIPTaak8/Poging2/vendor/laravel/framework/src/Illuminate/Routing/ControllerDispatcher.php(44): Illuminate\Routing\Controller->callAction('register', Array)
#25 /home/imma/Desktop/GIPTaak8/Poging2/vendor/laravel/framework/src/Illuminate/Routing/Route.php(203): Illuminate\Routing\ControllerDispatcher->dispatch(Object(Illuminate\Routing\Route), Object(App\Http\Controllers\Auth\RegisterController), 'register')
#26 /home/imma/Desktop/GIPTaak8/Poging2/vendor/laravel/framework/src/Illuminate/Routing/Route.php(160): Illuminate\Routing\Route->runController()
#27 /home/imma/Desktop/GIPTaak8/Poging2/vendor/laravel/framework/src/Illuminate/Routing/Router.php(559): Illuminate\Routing\Route->run()
#28 /home/imma/Desktop/GIPTaak8/Poging2/vendor/laravel/framework/src/Illuminate/Routing/Pipeline.php(30): Illuminate\Routing\Router->Illuminate\Routing\{closure}(Object(Illuminate\Http\Request))
#29 /home/imma/Desktop/GIPTaak8/Poging2/app/Http/Middleware/RedirectIfAuthenticated.php(24): Illuminate\Routing\Pipeline->Illuminate\Routing\{closure}(Object(Illuminate\Http\Request))
#30 /home/imma/Desktop/GIPTaak8/Poging2/vendor/laravel/framework/src/Illuminate/Pipeline/Pipeline.php(148): App\Http\Middleware\RedirectIfAuthenticated->handle(Object(Illuminate\Http\Request), Object(Closure))
#31 /home/imma/Desktop/GIPTaak8/Poging2/vendor/laravel/framework/src/Illuminate/Routing/Pipeline.php(53): Illuminate\Pipeline\Pipeline->Illuminate\Pipeline\{closure}(Object(Illuminate\Http\Request))
#32 /home/imma/Desktop/GIPTaak8/Poging2/vendor/laravel/framework/src/Illuminate/Routing/Middleware/SubstituteBindings.php(41): Illuminate\Routing\Pipeline->Illuminate\Routing\{closure}(Object(Illuminate\Http\Request))
#33 /home/imma/Desktop/GIPTaak8/Poging2/vendor/laravel/framework/src/Illuminate/Pipeline/Pipeline.php(148): Illuminate\Routing\Middleware\SubstituteBindings->handle(Object(Illuminate\Http\Request), Object(Closure))
#34 /home/imma/Desktop/GIPTaak8/Poging2/vendor/laravel/framework/src/Illuminate/Routing/Pipeline.php(53): Illuminate\Pipeline\Pipeline->Illuminate\Pipeline\{closure}(Object(Illuminate\Http\Request))
#35 /home/imma/Desktop/GIPTaak8/Poging2/vendor/laravel/framework/src/Illuminate/Foundation/Http/Middleware/VerifyCsrfToken.php(65): Illuminate\Routing\Pipeline->Illuminate\Routing\{closure}(Object(Illuminate\Http\Request))
#36 /home/imma/Desktop/GIPTaak8/Poging2/vendor/laravel/framework/src/Illuminate/Pipeline/Pipeline.php(148): Illuminate\Foundation\Http\Middleware\VerifyCsrfToken->handle(Object(Illuminate\Http\Request), Object(Closure))
#37 /home/imma/Desktop/GIPTaak8/Poging2/vendor/laravel/framework/src/Illuminate/Routing/Pipeline.php(53): Illuminate\Pipeline\Pipeline->Illuminate\Pipeline\{closure}(Object(Illuminate\Http\Request))
#38 /home/imma/Desktop/GIPTaak8/Poging2/vendor/laravel/framework/src/Illuminate/View/Middleware/ShareErrorsFromSession.php(49): Illuminate\Routing\Pipeline->Illuminate\Routing\{closure}(Object(Illuminate\Http\Request))
#39 /home/imma/Desktop/GIPTaak8/Poging2/vendor/laravel/framework/src/Illuminate/Pipeline/Pipeline.php(148): Illuminate\View\Middleware\ShareErrorsFromSession->handle(Object(Illuminate\Http\Request), Object(Closure))
#40 /home/imma/Desktop/GIPTaak8/Poging2/vendor/laravel/framework/src/Illuminate/Routing/Pipeline.php(53): Illuminate\Pipeline\Pipeline->Illuminate\Pipeline\{closure}(Object(Illuminate\Http\Request))
#41 /home/imma/Desktop/GIPTaak8/Poging2/vendor/laravel/framework/src/Illuminate/Session/Middleware/StartSession.php(64): Illuminate\Routing\Pipeline->Illuminate\Routing\{closure}(Object(Illuminate\Http\Request))
#42 /home/imma/Desktop/GIPTaak8/Poging2/vendor/laravel/framework/src/Illuminate/Pipeline/Pipeline.php(148): Illuminate\Session\Middleware\StartSession->handle(Object(Illuminate\Http\Request), Object(Closure))
#43 /home/imma/Desktop/GIPTaak8/Poging2/vendor/laravel/framework/src/Illuminate/Routing/Pipeline.php(53): Illuminate\Pipeline\Pipeline->Illuminate\Pipeline\{closure}(Object(Illuminate\Http\Request))
#44 /home/imma/Desktop/GIPTaak8/Poging2/vendor/laravel/framework/src/Illuminate/Cookie/Middleware/AddQueuedCookiesToResponse.php(37): Illuminate\Routing\Pipeline->Illuminate\Routing\{closure}(Object(Illuminate\Http\Request))
#45 /home/imma/Desktop/GIPTaak8/Poging2/vendor/laravel/framework/src/Illuminate/Pipeline/Pipeline.php(148): Illuminate\Cookie\Middleware\AddQueuedCookiesToResponse->handle(Object(Illuminate\Http\Request), Object(Closure))
#46 /home/imma/Desktop/GIPTaak8/Poging2/vendor/laravel/framework/src/Illuminate/Routing/Pipeline.php(53): Illuminate\Pipeline\Pipeline->Illuminate\Pipeline\{closure}(Object(Illuminate\Http\Request))
#47 /home/imma/Desktop/GIPTaak8/Poging2/vendor/laravel/framework/src/Illuminate/Cookie/Middleware/EncryptCookies.php(59): Illuminate\Routing\Pipeline->Illuminate\Routing\{closure}(Object(Illuminate\Http\Request))
#48 /home/imma/Desktop/GIPTaak8/Poging2/vendor/laravel/framework/src/Illuminate/Pipeline/Pipeline.php(148): Illuminate\Cookie\Middleware\EncryptCookies->handle(Object(Illuminate\Http\Request), Object(Closure))
#49 /home/imma/Desktop/GIPTaak8/Poging2/vendor/laravel/framework/src/Illuminate/Routing/Pipeline.php(53): Illuminate\Pipeline\Pipeline->Illuminate\Pipeline\{closure}(Object(Illuminate\Http\Request))
#50 /home/imma/Desktop/GIPTaak8/Poging2/vendor/laravel/framework/src/Illuminate/Pipeline/Pipeline.php(102): Illuminate\Routing\Pipeline->Illuminate\Routing\{closure}(Object(Illuminate\Http\Request))
#51 /home/imma/Desktop/GIPTaak8/Poging2/vendor/laravel/framework/src/Illuminate/Routing/Router.php(561): Illuminate\Pipeline\Pipeline->then(Object(Closure))
#52 /home/imma/Desktop/GIPTaak8/Poging2/vendor/laravel/framework/src/Illuminate/Routing/Router.php(520): Illuminate\Routing\Router->runRouteWithinStack(Object(Illuminate\Routing\Route), Object(Illuminate\Http\Request))
#53 /home/imma/Desktop/GIPTaak8/Poging2/vendor/laravel/framework/src/Illuminate/Routing/Router.php(498): Illuminate\Routing\Router->dispatchToRoute(Object(Illuminate\Http\Request))
#54 /home/imma/Desktop/GIPTaak8/Poging2/vendor/laravel/framework/src/Illuminate/Foundation/Http/Kernel.php(174): Illuminate\Routing\Router->dispatch(Object(Illuminate\Http\Request))
#55 /home/imma/Desktop/GIPTaak8/Poging2/vendor/laravel/framework/src/Illuminate/Routing/Pipeline.php(30): Illuminate\Foundation\Http\Kernel->Illuminate\Foundation\Http\{closure}(Object(Illuminate\Http\Request))
#56 /home/imma/Desktop/GIPTaak8/Poging2/vendor/laravel/framework/src/Illuminate/Foundation/Http/Middleware/TransformsRequest.php(30): Illuminate\Routing\Pipeline->Illuminate\Routing\{closure}(Object(Illuminate\Http\Request))
#57 /home/imma/Desktop/GIPTaak8/Poging2/vendor/laravel/framework/src/Illuminate/Pipeline/Pipeline.php(148): Illuminate\Foundation\Http\Middleware\TransformsRequest->handle(Object(Illuminate\Http\Request), Object(Closure))
#58 /home/imma/Desktop/GIPTaak8/Poging2/vendor/laravel/framework/src/Illuminate/Routing/Pipeline.php(53): Illuminate\Pipeline\Pipeline->Illuminate\Pipeline\{closure}(Object(Illuminate\Http\Request))
#59 /home/imma/Desktop/GIPTaak8/Poging2/vendor/laravel/framework/src/Illuminate/Foundation/Http/Middleware/TransformsRequest.php(30): Illuminate\Routing\Pipeline->Illuminate\Routing\{closure}(Object(Illuminate\Http\Request))
#60 /home/imma/Desktop/GIPTaak8/Poging2/vendor/laravel/framework/src/Illuminate/Pipeline/Pipeline.php(148): Illuminate\Foundation\Http\Middleware\TransformsRequest->handle(Object(Illuminate\Http\Request), Object(Closure))
#61 /home/imma/Desktop/GIPTaak8/Poging2/vendor/laravel/framework/src/Illuminate/Routing/Pipeline.php(53): Illuminate\Pipeline\Pipeline->Illuminate\Pipeline\{closure}(Object(Illuminate\Http\Request))
#62 /home/imma/Desktop/GIPTaak8/Poging2/vendor/laravel/framework/src/Illuminate/Foundation/Http/Middleware/ValidatePostSize.php(27): Illuminate\Routing\Pipeline->Illuminate\Routing\{closure}(Object(Illuminate\Http\Request))
#63 /home/imma/Desktop/GIPTaak8/Poging2/vendor/laravel/framework/src/Illuminate/Pipeline/Pipeline.php(148): Illuminate\Foundation\Http\Middleware\ValidatePostSize->handle(Object(Illuminate\Http\Request), Object(Closure))
#64 /home/imma/Desktop/GIPTaak8/Poging2/vendor/laravel/framework/src/Illuminate/Routing/Pipeline.php(53): Illuminate\Pipeline\Pipeline->Illuminate\Pipeline\{closure}(Object(Illuminate\Http\Request))
#65 /home/imma/Desktop/GIPTaak8/Poging2/vendor/laravel/framework/src/Illuminate/Foundation/Http/Middleware/CheckForMaintenanceMode.php(46): Illuminate\Routing\Pipeline->Illuminate\Routing\{closure}(Object(Illuminate\Http\Request))
#66 /home/imma/Desktop/GIPTaak8/Poging2/vendor/laravel/framework/src/Illuminate/Pipeline/Pipeline.php(148): Illuminate\Foundation\Http\Middleware\CheckForMaintenanceMode->handle(Object(Illuminate\Http\Request), Object(Closure))
#67 /home/imma/Desktop/GIPTaak8/Poging2/vendor/laravel/framework/src/Illuminate/Routing/Pipeline.php(53): Illuminate\Pipeline\Pipeline->Illuminate\Pipeline\{closure}(Object(Illuminate\Http\Request))
#68 /home/imma/Desktop/GIPTaak8/Poging2/vendor/laravel/framework/src/Illuminate/Pipeline/Pipeline.php(102): Illuminate\Routing\Pipeline->Illuminate\Routing\{closure}(Object(Illuminate\Http\Request))
#69 /home/imma/Desktop/GIPTaak8/Poging2/vendor/laravel/framework/src/Illuminate/Foundation/Http/Kernel.php(149): Illuminate\Pipeline\Pipeline->then(Object(Closure))
#70 /home/imma/Desktop/GIPTaak8/Poging2/vendor/laravel/framework/src/Illuminate/Foundation/Http/Kernel.php(116): Illuminate\Foundation\Http\Kernel->sendRequestThroughRouter(Object(Illuminate\Http\Request))
#71 /home/imma/Desktop/GIPTaak8/Poging2/public/index.php(53): Illuminate\Foundation\Http\Kernel->handle(Object(Illuminate\Http\Request))
#72 /home/imma/Desktop/GIPTaak8/Poging2/server.php(21): require_once('/home/imma/Desk...')
#73 {main}

Next Illuminate\Database\QueryException: SQLSTATE[HY000] [1045] Access denied for user 'homestead'@'localhost' (using password: YES) (SQL: select count(*) as aggregate from `users` where `email` = kathleen.puvrez@immalle.be) in /home/imma/Desktop/GIPTaak8/Poging2/vendor/laravel/framework/src/Illuminate/Database/Connection.php:647
Stack trace:
#0 /home/imma/Desktop/GIPTaak8/Poging2/vendor/laravel/framework/src/Illuminate/Database/Connection.php(607): Illuminate\Database\Connection->runQueryCallback('select count(*)...', Array, Object(Closure))
#1 /home/imma/Desktop/GIPTaak8/Poging2/vendor/laravel/framework/src/Illuminate/Database/Connection.php(326): Illuminate\Database\Connection->run('select count(*)...', Array, Object(Closure))
#2 /home/imma/Desktop/GIPTaak8/Poging2/vendor/laravel/framework/src/Illuminate/Database/Query/Builder.php(1711): Illuminate\Database\Connection->select('select count(*)...', Array, false)
#3 /home/imma/Desktop/GIPTaak8/Poging2/vendor/laravel/framework/src/Illuminate/Database/Query/Builder.php(1696): Illuminate\Database\Query\Builder->runSelect()
#4 /home/imma/Desktop/GIPTaak8/Poging2/vendor/laravel/framework/src/Illuminate/Database/Query/Builder.php(2031): Illuminate\Database\Query\Builder->get(Array)
#5 /home/imma/Desktop/GIPTaak8/Poging2/vendor/laravel/framework/src/Illuminate/Database/Query/Builder.php(1959): Illuminate\Database\Query\Builder->aggregate('count', Array)
#6 /home/imma/Desktop/GIPTaak8/Poging2/vendor/laravel/framework/src/Illuminate/Validation/DatabasePresenceVerifier.php(55): Illuminate\Database\Query\Builder->count()
#7 /home/imma/Desktop/GIPTaak8/Poging2/vendor/laravel/framework/src/Illuminate/Validation/Concerns/ValidatesAttributes.php(612): Illuminate\Validation\DatabasePresenceVerifier->getCount('users', 'email', 'kathleen.puvrez...', NULL, NULL, Array)
#8 /home/imma/Desktop/GIPTaak8/Poging2/vendor/laravel/framework/src/Illuminate/Validation/Validator.php(338): Illuminate\Validation\Validator->validateUnique('email', 'kathleen.puvrez...', Array, Object(Illuminate\Validation\Validator))
#9 /home/imma/Desktop/GIPTaak8/Poging2/vendor/laravel/framework/src/Illuminate/Validation/Validator.php(253): Illuminate\Validation\Validator->validateAttribute('email', 'Unique')
#10 /home/imma/Desktop/GIPTaak8/Poging2/vendor/laravel/framework/src/Illuminate/Validation/Validator.php(278): Illuminate\Validation\Validator->passes()
#11 /home/imma/Desktop/GIPTaak8/Poging2/vendor/laravel/framework/src/Illuminate/Validation/Validator.php(290): Illuminate\Validation\Validator->fails()
#12 /home/imma/Desktop/GIPTaak8/Poging2/vendor/laravel/framework/src/Illuminate/Foundation/Auth/RegistersUsers.php(31): Illuminate\Validation\Validator->validate()
#13 [internal function]: App\Http\Controllers\Auth\RegisterController->register(Object(Illuminate\Http\Request))
#14 /home/imma/Desktop/GIPTaak8/Poging2/vendor/laravel/framework/src/Illuminate/Routing/Controller.php(55): call_user_func_array(Array, Array)
#15 /home/imma/Desktop/GIPTaak8/Poging2/vendor/laravel/framework/src/Illuminate/Routing/ControllerDispatcher.php(44): Illuminate\Routing\Controller->callAction('register', Array)
#16 /home/imma/Desktop/GIPTaak8/Poging2/vendor/laravel/framework/src/Illuminate/Routing/Route.php(203): Illuminate\Routing\ControllerDispatcher->dispatch(Object(Illuminate\Routing\Route), Object(App\Http\Controllers\Auth\RegisterController), 'register')
#17 /home/imma/Desktop/GIPTaak8/Poging2/vendor/laravel/framework/src/Illuminate/Routing/Route.php(160): Illuminate\Routing\Route->runController()
#18 /home/imma/Desktop/GIPTaak8/Poging2/vendor/laravel/framework/src/Illuminate/Routing/Router.php(559): Illuminate\Routing\Route->run()
#19 /home/imma/Desktop/GIPTaak8/Poging2/vendor/laravel/framework/src/Illuminate/Routing/Pipeline.php(30): Illuminate\Routing\Router->Illuminate\Routing\{closure}(Object(Illuminate\Http\Request))
#20 /home/imma/Desktop/GIPTaak8/Poging2/app/Http/Middleware/RedirectIfAuthenticated.php(24): Illuminate\Routing\Pipeline->Illuminate\Routing\{closure}(Object(Illuminate\Http\Request))
#21 /home/imma/Desktop/GIPTaak8/Poging2/vendor/laravel/framework/src/Illuminate/Pipeline/Pipeline.php(148): App\Http\Middleware\RedirectIfAuthenticated->handle(Object(Illuminate\Http\Request), Object(Closure))
#22 /home/imma/Desktop/GIPTaak8/Poging2/vendor/laravel/framework/src/Illuminate/Routing/Pipeline.php(53): Illuminate\Pipeline\Pipeline->Illuminate\Pipeline\{closure}(Object(Illuminate\Http\Request))
#23 /home/imma/Desktop/GIPTaak8/Poging2/vendor/laravel/framework/src/Illuminate/Routing/Middleware/SubstituteBindings.php(41): Illuminate\Routing\Pipeline->Illuminate\Routing\{closure}(Object(Illuminate\Http\Request))
#24 /home/imma/Desktop/GIPTaak8/Poging2/vendor/laravel/framework/src/Illuminate/Pipeline/Pipeline.php(148): Illuminate\Routing\Middleware\SubstituteBindings->handle(Object(Illuminate\Http\Request), Object(Closure))
#25 /home/imma/Desktop/GIPTaak8/Poging2/vendor/laravel/framework/src/Illuminate/Routing/Pipeline.php(53): Illuminate\Pipeline\Pipeline->Illuminate\Pipeline\{closure}(Object(Illuminate\Http\Request))
#26 /home/imma/Desktop/GIPTaak8/Poging2/vendor/laravel/framework/src/Illuminate/Foundation/Http/Middleware/VerifyCsrfToken.php(65): Illuminate\Routing\Pipeline->Illuminate\Routing\{closure}(Object(Illuminate\Http\Request))
#27 /home/imma/Desktop/GIPTaak8/Poging2/vendor/laravel/framework/src/Illuminate/Pipeline/Pipeline.php(148): Illuminate\Foundation\Http\Middleware\VerifyCsrfToken->handle(Object(Illuminate\Http\Request), Object(Closure))
#28 /home/imma/Desktop/GIPTaak8/Poging2/vendor/laravel/framework/src/Illuminate/Routing/Pipeline.php(53): Illuminate\Pipeline\Pipeline->Illuminate\Pipeline\{closure}(Object(Illuminate\Http\Request))
#29 /home/imma/Desktop/GIPTaak8/Poging2/vendor/laravel/framework/src/Illuminate/View/Middleware/ShareErrorsFromSession.php(49): Illuminate\Routing\Pipeline->Illuminate\Routing\{closure}(Object(Illuminate\Http\Request))
#30 /home/imma/Desktop/GIPTaak8/Poging2/vendor/laravel/framework/src/Illuminate/Pipeline/Pipeline.php(148): Illuminate\View\Middleware\ShareErrorsFromSession->handle(Object(Illuminate\Http\Request), Object(Closure))
#31 /home/imma/Desktop/GIPTaak8/Poging2/vendor/laravel/framework/src/Illuminate/Routing/Pipeline.php(53): Illuminate\Pipeline\Pipeline->Illuminate\Pipeline\{closure}(Object(Illuminate\Http\Request))
#32 /home/imma/Desktop/GIPTaak8/Poging2/vendor/laravel/framework/src/Illuminate/Session/Middleware/StartSession.php(64): Illuminate\Routing\Pipeline->Illuminate\Routing\{closure}(Object(Illuminate\Http\Request))
#33 /home/imma/Desktop/GIPTaak8/Poging2/vendor/laravel/framework/src/Illuminate/Pipeline/Pipeline.php(148): Illuminate\Session\Middleware\StartSession->handle(Object(Illuminate\Http\Request), Object(Closure))
#34 /home/imma/Desktop/GIPTaak8/Poging2/vendor/laravel/framework/src/Illuminate/Routing/Pipeline.php(53): Illuminate\Pipeline\Pipeline->Illuminate\Pipeline\{closure}(Object(Illuminate\Http\Request))
#35 /home/imma/Desktop/GIPTaak8/Poging2/vendor/laravel/framework/src/Illuminate/Cookie/Middleware/AddQueuedCookiesToResponse.php(37): Illuminate\Routing\Pipeline->Illuminate\Routing\{closure}(Object(Illuminate\Http\Request))
#36 /home/imma/Desktop/GIPTaak8/Poging2/vendor/laravel/framework/src/Illuminate/Pipeline/Pipeline.php(148): Illuminate\Cookie\Middleware\AddQueuedCookiesToResponse->handle(Object(Illuminate\Http\Request), Object(Closure))
#37 /home/imma/Desktop/GIPTaak8/Poging2/vendor/laravel/framework/src/Illuminate/Routing/Pipeline.php(53): Illuminate\Pipeline\Pipeline->Illuminate\Pipeline\{closure}(Object(Illuminate\Http\Request))
#38 /home/imma/Desktop/GIPTaak8/Poging2/vendor/laravel/framework/src/Illuminate/Cookie/Middleware/EncryptCookies.php(59): Illuminate\Routing\Pipeline->Illuminate\Routing\{closure}(Object(Illuminate\Http\Request))
#39 /home/imma/Desktop/GIPTaak8/Poging2/vendor/laravel/framework/src/Illuminate/Pipeline/Pipeline.php(148): Illuminate\Cookie\Middleware\EncryptCookies->handle(Object(Illuminate\Http\Request), Object(Closure))
#40 /home/imma/Desktop/GIPTaak8/Poging2/vendor/laravel/framework/src/Illuminate/Routing/Pipeline.php(53): Illuminate\Pipeline\Pipeline->Illuminate\Pipeline\{closure}(Object(Illuminate\Http\Request))
#41 /home/imma/Desktop/GIPTaak8/Poging2/vendor/laravel/framework/src/Illuminate/Pipeline/Pipeline.php(102): Illuminate\Routing\Pipeline->Illuminate\Routing\{closure}(Object(Illuminate\Http\Request))
#42 /home/imma/Desktop/GIPTaak8/Poging2/vendor/laravel/framework/src/Illuminate/Routing/Router.php(561): Illuminate\Pipeline\Pipeline->then(Object(Closure))
#43 /home/imma/Desktop/GIPTaak8/Poging2/vendor/laravel/framework/src/Illuminate/Routing/Router.php(520): Illuminate\Routing\Router->runRouteWithinStack(Object(Illuminate\Routing\Route), Object(Illuminate\Http\Request))
#44 /home/imma/Desktop/GIPTaak8/Poging2/vendor/laravel/framework/src/Illuminate/Routing/Router.php(498): Illuminate\Routing\Router->dispatchToRoute(Object(Illuminate\Http\Request))
#45 /home/imma/Desktop/GIPTaak8/Poging2/vendor/laravel/framework/src/Illuminate/Foundation/Http/Kernel.php(174): Illuminate\Routing\Router->dispatch(Object(Illuminate\Http\Request))
#46 /home/imma/Desktop/GIPTaak8/Poging2/vendor/laravel/framework/src/Illuminate/Routing/Pipeline.php(30): Illuminate\Foundation\Http\Kernel->Illuminate\Foundation\Http\{closure}(Object(Illuminate\Http\Request))
#47 /home/imma/Desktop/GIPTaak8/Poging2/vendor/laravel/framework/src/Illuminate/Foundation/Http/Middleware/TransformsRequest.php(30): Illuminate\Routing\Pipeline->Illuminate\Routing\{closure}(Object(Illuminate\Http\Request))
#48 /home/imma/Desktop/GIPTaak8/Poging2/vendor/laravel/framework/src/Illuminate/Pipeline/Pipeline.php(148): Illuminate\Foundation\Http\Middleware\TransformsRequest->handle(Object(Illuminate\Http\Request), Object(Closure))
#49 /home/imma/Desktop/GIPTaak8/Poging2/vendor/laravel/framework/src/Illuminate/Routing/Pipeline.php(53): Illuminate\Pipeline\Pipeline->Illuminate\Pipeline\{closure}(Object(Illuminate\Http\Request))
#50 /home/imma/Desktop/GIPTaak8/Poging2/vendor/laravel/framework/src/Illuminate/Foundation/Http/Middleware/TransformsRequest.php(30): Illuminate\Routing\Pipeline->Illuminate\Routing\{closure}(Object(Illuminate\Http\Request))
#51 /home/imma/Desktop/GIPTaak8/Poging2/vendor/laravel/framework/src/Illuminate/Pipeline/Pipeline.php(148): Illuminate\Foundation\Http\Middleware\TransformsRequest->handle(Object(Illuminate\Http\Request), Object(Closure))
#52 /home/imma/Desktop/GIPTaak8/Poging2/vendor/laravel/framework/src/Illuminate/Routing/Pipeline.php(53): Illuminate\Pipeline\Pipeline->Illuminate\Pipeline\{closure}(Object(Illuminate\Http\Request))
#53 /home/imma/Desktop/GIPTaak8/Poging2/vendor/laravel/framework/src/Illuminate/Foundation/Http/Middleware/ValidatePostSize.php(27): Illuminate\Routing\Pipeline->Illuminate\Routing\{closure}(Object(Illuminate\Http\Request))
#54 /home/imma/Desktop/GIPTaak8/Poging2/vendor/laravel/framework/src/Illuminate/Pipeline/Pipeline.php(148): Illuminate\Foundation\Http\Middleware\ValidatePostSize->handle(Object(Illuminate\Http\Request), Object(Closure))
#55 /home/imma/Desktop/GIPTaak8/Poging2/vendor/laravel/framework/src/Illuminate/Routing/Pipeline.php(53): Illuminate\Pipeline\Pipeline->Illuminate\Pipeline\{closure}(Object(Illuminate\Http\Request))
#56 /home/imma/Desktop/GIPTaak8/Poging2/vendor/laravel/framework/src/Illuminate/Foundation/Http/Middleware/CheckForMaintenanceMode.php(46): Illuminate\Routing\Pipeline->Illuminate\Routing\{closure}(Object(Illuminate\Http\Request))
#57 /home/imma/Desktop/GIPTaak8/Poging2/vendor/laravel/framework/src/Illuminate/Pipeline/Pipeline.php(148): Illuminate\Foundation\Http\Middleware\CheckForMaintenanceMode->handle(Object(Illuminate\Http\Request), Object(Closure))
#58 /home/imma/Desktop/GIPTaak8/Poging2/vendor/laravel/framework/src/Illuminate/Routing/Pipeline.php(53): Illuminate\Pipeline\Pipeline->Illuminate\Pipeline\{closure}(Object(Illuminate\Http\Request))
#59 /home/imma/Desktop/GIPTaak8/Poging2/vendor/laravel/framework/src/Illuminate/Pipeline/Pipeline.php(102): Illuminate\Routing\Pipeline->Illuminate\Routing\{closure}(Object(Illuminate\Http\Request))
#60 /home/imma/Desktop/GIPTaak8/Poging2/vendor/laravel/framework/src/Illuminate/Foundation/Http/Kernel.php(149): Illuminate\Pipeline\Pipeline->then(Object(Closure))
#61 /home/imma/Desktop/GIPTaak8/Poging2/vendor/laravel/framework/src/Illuminate/Foundation/Http/Kernel.php(116): Illuminate\Foundation\Http\Kernel->sendRequestThroughRouter(Object(Illuminate\Http\Request))
#62 /home/imma/Desktop/GIPTaak8/Poging2/public/index.php(53): Illuminate\Foundation\Http\Kernel->handle(Object(Illuminate\Http\Request))
#63 /home/imma/Desktop/GIPTaak8/Poging2/server.php(21): require_once('/home/imma/Desk...')
#64 {main}  
